            --------------------------------------------------------
                             AMBER SQM VERSION 19
 
                                     By
              Ross C. Walker, Michael F. Crowley, Scott Brozell,
                         Tim Giese, Andreas W. Goetz,
                        Tai-Sung Lee and David A. Case
 
            --------------------------------------------------------
 

--------------------------------------------------------------------------------
  QM CALCULATION INFO
--------------------------------------------------------------------------------

| QMMM: Citation for AMBER QMMM Run:
| QMMM: R.C. Walker, M.F. Crowley and D.A. Case, J. COMP. CHEM. 29:1019, 2008

QMMM: SINGLET STATE CALCULATION
QMMM: RHF CALCULATION, NO. OF DOUBLY OCCUPIED LEVELS = 75

| QMMM: *** Selected Hamiltonian *** 
| QMMM: AM1         

| QMMM: *** Parameter sets in use ***
| QMMM: C : M.J.S.DEWAR et al. JACS, 107, 3902, (1985)
| QMMM: N : M.J.S.DEWAR et al. JACS, 107, 3902, (1985)
| QMMM: O : M.J.S.DEWAR et al. JACS, 107, 3902, (1985)
| QMMM: H : M.J.S.DEWAR et al. JACS, 107, 3902, (1985)

| QMMM: *** SCF convergence criteria ***
| QMMM: Energy change                :  0.1D-09 kcal/mol
| QMMM: Error matrix |FP-PF|         :  0.1D+00 au
| QMMM: Density matrix change        :  0.5D-06
| QMMM: Maximum number of SCF cycles :     1000

| QMMM: *** Diagonalization Routine Information ***
| QMMM: Pseudo diagonalizations are allowed.
| QMMM: Auto diagonalization routine selection is in use.
| QMMM:
| QMMM: Timing diagonalization routines:
| QMMM:                              norbs =      139
| QMMM:    diag iterations used for timing =       10
| QMMM:
| QMMM:              Internal diag routine = 0.051212 seconds
| QMMM:                 Dspev diag routine = 0.054757 seconds
| QMMM:                Dspevd diag routine = 0.034556 seconds
| QMMM:                Dspevx diag routine = 0.117984 seconds
| QMMM:                 Dsyev diag routine = 0.055063 seconds
| QMMM:                Dsyevd diag routine = 0.028529 seconds
| QMMM:                Dsyevr diag routine = 0.029714 seconds
| QMMM:
| QMMM:                Pseudo diag routine = 0.023272 seconds
| QMMM:
| QMMM: Using dsyevd routine (diag_routine=6).

  QMMM: QM Region Cartesian Coordinates (*=link atom) 
  QMMM: QM_NO.   MM_NO.  ATOM         X         Y         Z
  QMMM:     1        1      C       -7.4370   -1.8250    1.8120
  QMMM:     2        2      C       -6.8320   -0.8840    1.3650
  QMMM:     3        3      C       -6.1090    0.2410    0.8300
  QMMM:     4        4      C       -6.7280    1.4930    0.7400
  QMMM:     5        5      C       -6.0210    2.5870    0.2360
  QMMM:     6        6      C       -4.6980    2.4340   -0.1880
  QMMM:     7        7      C       -4.0720    1.1790   -0.1220
  QMMM:     8        8      N       -2.7030    1.0490   -0.5450
  QMMM:     9        9      C       -2.1460   -0.1760   -1.0530
  QMMM:    10       10      N       -2.9390   -1.0200   -1.7690
  QMMM:    11       11      C       -2.4530   -2.1620   -2.3170
  QMMM:    12       12      N       -1.1450   -2.4850   -2.1690
  QMMM:    13       13      C       -0.3010   -1.6840   -1.4670
  QMMM:    14       14      C        1.0410   -2.0470   -1.3270
  QMMM:    15       15      C        1.9250   -1.2390   -0.5900
  QMMM:    16       16      O        3.2800   -1.5710   -0.4310
  QMMM:    17       17      C        3.8990   -2.7330   -0.9780
  QMMM:    18       18      C        5.3780   -2.7540   -0.5980
  QMMM:    19       19      O        5.5300   -2.7070    0.8080
  QMMM:    20       20      C        5.6970   -4.0070    1.3300
  QMMM:    21       21      C        1.4550   -0.0630    0.0150
  QMMM:    22       22      O        2.3710    0.7080    0.7520
  QMMM:    23       23      C        2.1110    1.9840    1.3390
  QMMM:    24       24      C        2.0800    3.0780    0.2690
  QMMM:    25       25      O        1.7690    4.3270    0.8570
  QMMM:    26       26      C        2.9460    5.0670    1.0960
  QMMM:    27       27      C        0.1000    0.3000   -0.1230
  QMMM:    28       28      C       -0.7810   -0.4960   -0.8770
  QMMM:    29       29      C       -4.7820    0.0850    0.4060
  QMMM:    30       30      H       -7.9680   -2.6520    2.2050
  QMMM:    31       31      H       -7.7530    1.6250    1.0660
  QMMM:    32       32      H       -6.4990    3.5570    0.1740
  QMMM:    33       33      H       -4.1620    3.2910   -0.5750
  QMMM:    34       34      H       -2.1270    1.9180   -0.6090
  QMMM:    35       35      H       -3.1090   -2.8120   -2.8790
  QMMM:    36       36      H        1.3850   -2.9610   -1.7930
  QMMM:    37       37      H        3.4000   -3.6450   -0.5880
  QMMM:    38       38      H        3.8120   -2.7160   -2.0860
  QMMM:    39       39      H        5.8790   -3.6300   -1.0750
  QMMM:    40       40      H        5.8590   -1.8490   -1.0260
  QMMM:    41       41      H        5.7270   -3.9430    2.4370
  QMMM:    42       42      H        6.6610   -4.4470    0.9910
  QMMM:    43       43      H        4.8490   -4.6710    1.0530
  QMMM:    44       44      H        1.1660    1.9660    1.9240
  QMMM:    45       45      H        2.9310    2.2060    2.0520
  QMMM:    46       46      H        3.0390    3.0750   -0.3030
  QMMM:    47       47      H        1.2830    2.8450   -0.4670
  QMMM:    48       48      H        2.6760    5.9980    1.6350
  QMMM:    49       49      H        3.4300    5.3590    0.1380
  QMMM:    50       50      H        3.6610    4.5020    1.7350
  QMMM:    51       51      H       -0.2670    1.1850    0.3710
  QMMM:    52       52      H       -4.3030   -0.8810    0.5060

--------------------------------------------------------------------------------
  RESULTS
--------------------------------------------------------------------------------

      iter         sqm energy              rms gradient
      ----    -------------------    -----------------------
xmin    10       -9.7326 kcal/mol        0.6901 kcal/(mol*A)
xmin    20      -10.0863 kcal/mol        0.7045 kcal/(mol*A)
xmin    30      -10.5050 kcal/mol        0.2583 kcal/(mol*A)
xmin    40      -10.7048 kcal/mol        0.1894 kcal/(mol*A)
xmin    50      -10.9841 kcal/mol        0.5556 kcal/(mol*A)
xmin    60      -11.1046 kcal/mol        0.6824 kcal/(mol*A)
xmin    70      -11.2522 kcal/mol        0.3387 kcal/(mol*A)
xmin    80      -11.3250 kcal/mol        0.2934 kcal/(mol*A)
xmin    90      -11.3817 kcal/mol        0.5950 kcal/(mol*A)
xmin   100      -11.5947 kcal/mol        0.4922 kcal/(mol*A)
xmin   110      -11.9758 kcal/mol        0.3460 kcal/(mol*A)
xmin   120      -12.5145 kcal/mol        0.1512 kcal/(mol*A)
xmin   130      -12.6626 kcal/mol        0.3412 kcal/(mol*A)
xmin   140      -12.8019 kcal/mol        0.2215 kcal/(mol*A)
xmin   150      -12.8506 kcal/mol        0.3442 kcal/(mol*A)
xmin   160      -12.8741 kcal/mol        0.2305 kcal/(mol*A)
xmin   170      -12.9077 kcal/mol        0.1076 kcal/(mol*A)
xmin   180      -12.9230 kcal/mol        0.0752 kcal/(mol*A)
xmin   190      -12.9323 kcal/mol        0.0585 kcal/(mol*A)
xmin   200      -12.9408 kcal/mol        0.0342 kcal/(mol*A)
xmin   210      -12.9552 kcal/mol        0.0681 kcal/(mol*A)
xmin   220      -12.9689 kcal/mol        0.0148 kcal/(mol*A)
xmin   230      -12.9714 kcal/mol        0.0453 kcal/(mol*A)
xmin   240      -12.9771 kcal/mol        0.0853 kcal/(mol*A)
xmin   250      -12.9806 kcal/mol        0.0779 kcal/(mol*A)
xmin   260      -12.9825 kcal/mol        0.0150 kcal/(mol*A)
xmin   270      -12.9858 kcal/mol        0.0244 kcal/(mol*A)
xmin   280      -12.9869 kcal/mol        0.0308 kcal/(mol*A)
xmin   290      -12.9880 kcal/mol        0.0235 kcal/(mol*A)
xmin   300      -12.6918 kcal/mol        2.5201 kcal/(mol*A)
xmin   310      -12.9883 kcal/mol        0.0102 kcal/(mol*A)
xmin   320      -12.9890 kcal/mol        0.0086 kcal/(mol*A)
xmin   330      -12.9893 kcal/mol        0.0222 kcal/(mol*A)
xmin   340      -12.9897 kcal/mol        0.0067 kcal/(mol*A)
xmin   350      -12.9906 kcal/mol        0.0046 kcal/(mol*A)
xmin   360      -12.9908 kcal/mol        0.0055 kcal/(mol*A)
xmin   370      -12.9909 kcal/mol        0.0059 kcal/(mol*A)
xmin   380      -12.9902 kcal/mol        0.1008 kcal/(mol*A)
xmin   390      -12.9909 kcal/mol        0.0084 kcal/(mol*A)
xmin   400      -12.9910 kcal/mol        0.0017 kcal/(mol*A)
xmin   410      -12.9915 kcal/mol        0.0081 kcal/(mol*A)
xmin   420      -12.9918 kcal/mol        0.0106 kcal/(mol*A)
xmin   430      -12.9921 kcal/mol        0.0048 kcal/(mol*A)
xmin   440      -12.9923 kcal/mol        0.0051 kcal/(mol*A)
xmin   450      -12.9927 kcal/mol        0.0054 kcal/(mol*A)
xmin   460      -12.9928 kcal/mol        0.0105 kcal/(mol*A)
xmin   470      -12.9935 kcal/mol        0.0131 kcal/(mol*A)
xmin   480      -12.9945 kcal/mol        0.0095 kcal/(mol*A)
xmin   490      -12.9947 kcal/mol        0.0306 kcal/(mol*A)
xmin   500      -12.9991 kcal/mol        0.0734 kcal/(mol*A)
xmin   510      -13.0007 kcal/mol        0.0537 kcal/(mol*A)
xmin   520      -13.0040 kcal/mol        0.0642 kcal/(mol*A)
xmin   530      -13.0092 kcal/mol        0.0535 kcal/(mol*A)
xmin   540      -12.8508 kcal/mol        1.9089 kcal/(mol*A)
xmin   550      -13.0172 kcal/mol        0.0579 kcal/(mol*A)
xmin   560      -13.0354 kcal/mol        0.1406 kcal/(mol*A)
xmin   570      -13.1038 kcal/mol        0.3521 kcal/(mol*A)
xmin   580      -13.3095 kcal/mol        0.6636 kcal/(mol*A)
xmin   590      -13.6995 kcal/mol        0.6568 kcal/(mol*A)
xmin   600      -13.8537 kcal/mol        0.2066 kcal/(mol*A)
xmin   610      -13.9661 kcal/mol        0.0803 kcal/(mol*A)
xmin   620      -13.9997 kcal/mol        0.0379 kcal/(mol*A)
xmin   630      -14.0116 kcal/mol        0.0301 kcal/(mol*A)
xmin   640      -14.0091 kcal/mol        0.1471 kcal/(mol*A)
xmin   650      -14.0135 kcal/mol        0.0110 kcal/(mol*A)
xmin   660      -14.0145 kcal/mol        0.0082 kcal/(mol*A)
xmin   670      -14.0146 kcal/mol        0.0174 kcal/(mol*A)
xmin   680      -14.0147 kcal/mol        0.0041 kcal/(mol*A)
xmin   690      -14.0148 kcal/mol        0.0024 kcal/(mol*A)
xmin   700      -14.0148 kcal/mol        0.0036 kcal/(mol*A)
  ... geometry converged !
 
 Final MO eigenvalues (eV):
 -41.5542  -40.4834  -40.0062  -39.7185  -38.9552  -38.3417  -37.0259  -36.2931
 -34.3488  -33.0874  -32.0812  -31.0871  -30.9518  -30.6431  -30.2834  -29.1601
 -27.7909  -27.2897  -25.3393  -24.7334  -24.3260  -23.9651  -23.6668  -22.8217
 -21.9069  -20.3252  -20.0874  -19.3638  -18.4878  -18.0186  -17.9098  -17.7849
 -17.7188  -17.2172  -17.1535  -17.0240  -16.6472  -16.3517  -16.3372  -16.0963
 -15.8924  -15.7030  -15.2756  -15.2498  -15.2365  -14.9895  -14.8639  -14.6605
 -14.4411  -14.0739  -13.7451  -13.5108  -13.3608  -13.2440  -13.0639  -13.0050
 -12.7998  -12.7579  -12.6207  -12.3444  -12.3317  -12.2513  -12.1079  -11.8697
 -11.7665  -11.7034  -11.1336  -11.0509  -10.6706  -10.6363  -10.3154   -9.4922
  -9.3494   -9.2166   -8.5483   -0.6195   -0.2026   -0.0319    0.3762    0.8678
   1.6946    1.8249    1.9157    2.0270    2.0594    2.1404    2.5679    2.9844
   3.0299    3.1007    3.1345    3.2026    3.2759    3.3345    3.4081    3.5414
   3.5721    3.5836    3.6655    3.7332    3.7714    3.8318    3.8565    3.8776
   3.9019    3.9113    4.0157    4.0560    4.1115    4.1556    4.2291    4.2907
   4.3667    4.4044    4.4106    4.4931    4.5073    4.5335    4.5453    4.5963
   4.6662    4.7451    4.8426    5.0471    5.1053    5.1516    5.3349    5.3556
   5.5346    5.6070    5.6984    5.8104    5.8617    6.0413    6.2023    6.2499
   6.3290    6.7359    7.2018

 Heat of formation   =        -14.01478292 kcal/mol  (       -0.60772659 eV)

 Total SCF energy    =    -116050.26141940 kcal/mol  (    -5032.31696021 eV)
 Electronic energy   =    -897198.49228394 kcal/mol  (   -38905.44609011 eV)
 Core-core repulsion =     781148.23086454 kcal/mol  (    33873.12912990 eV)
 
    Atomic Charges for Step       1 :
  Atom    Element       Mulliken Charge
     1      C                 -0.192
     2      C                 -0.128
     3      C                  0.039
     4      C                 -0.120
     5      C                 -0.118
     6      C                 -0.161
     7      C                  0.052
     8      N                 -0.248
     9      C                  0.179
    10      N                 -0.242
    11      C                  0.007
    12      N                 -0.193
    13      C                  0.058
    14      C                 -0.193
    15      C                  0.104
    16      O                 -0.196
    17      C                 -0.065
    18      C                 -0.025
    19      O                 -0.277
    20      C                 -0.080
    21      C                  0.044
    22      O                 -0.191
    23      C                 -0.059
    24      C                 -0.061
    25      O                 -0.289
    26      C                 -0.079
    27      C                 -0.151
    28      C                 -0.159
    29      C                 -0.089
    30      H                  0.225
    31      H                  0.141
    32      H                  0.135
    33      H                  0.134
    34      H                  0.234
    35      H                  0.190
    36      H                  0.163
    37      H                  0.089
    38      H                  0.103
    39      H                  0.095
    40      H                  0.113
    41      H                  0.095
    42      H                  0.061
    43      H                  0.081
    44      H                  0.099
    45      H                  0.115
    46      H                  0.085
    47      H                  0.125
    48      H                  0.103
    49      H                  0.066
    50      H                  0.062
    51      H                  0.161
    52      H                  0.161
 Total Mulliken Charge =      -0.000
 
                  X        Y        Z     TOTAL  
  QM DIPOLE     1.592    4.356    1.205    4.792
 
 Final Structure

  QMMM: QM Region Cartesian Coordinates (*=link atom) 
  QMMM: QM_NO.   MM_NO.  ATOM         X         Y         Z
  QMMM:     1        1      C       -7.9906    0.2520    1.8935
  QMMM:     2        2      C       -7.0894    0.6911    1.2387
  QMMM:     3        3      C       -6.0294    1.2074    0.4658
  QMMM:     4        4      C       -6.2664    2.2451   -0.4485
  QMMM:     5        5      C       -5.2131    2.7516   -1.2042
  QMMM:     6        6      C       -3.9283    2.2366   -1.0699
  QMMM:     7        7      C       -3.6744    1.1920   -0.1523
  QMMM:     8        8      N       -2.3476    0.7388    0.0353
  QMMM:     9        9      C       -1.9791   -0.6086   -0.0352
  QMMM:    10       10      N       -2.9183   -1.5781   -0.1384
  QMMM:    11       11      C       -2.4658   -2.8743   -0.1512
  QMMM:    12       12      N       -1.2092   -3.3148   -0.0912
  QMMM:    13       13      C       -0.2311   -2.3418    0.0100
  QMMM:    14       14      C        1.1419   -2.7355    0.0751
  QMMM:    15       15      C        2.1325   -1.7859    0.1903
  QMMM:    16       16      O        3.4805   -2.0492    0.2633
  QMMM:    17       17      C        3.8539   -3.4342    0.2080
  QMMM:    18       18      C        5.3744   -3.4649    0.3382
  QMMM:    19       19      O        6.0081   -3.4161   -0.9294
  QMMM:    20       20      C        6.0570   -2.1135   -1.4924
  QMMM:    21       21      C        1.7933   -0.3898    0.2439
  QMMM:    22       22      O        2.8765    0.4646    0.3235
  QMMM:    23       23      C        2.6201    1.7853    0.8020
  QMMM:    24       24      C        2.1826    2.7106   -0.3324
  QMMM:    25       25      O        0.8695    3.2147   -0.1195
  QMMM:    26       26      C        0.8147    4.3018    0.7903
  QMMM:    27       27      C        0.4759    0.0058    0.1765
  QMMM:    28       28      C       -0.5579   -0.9516    0.0526
  QMMM:    29       29      C       -4.7376    0.6835    0.6190
  QMMM:    30       30      H       -8.7878   -0.1380    2.4729
  QMMM:    31       31      H       -7.2808    2.6531   -0.5653
  QMMM:    32       32      H       -5.3979    3.5655   -1.9217
  QMMM:    33       33      H       -3.1139    2.6526   -1.6828
  QMMM:    34       34      H       -1.6487    1.3790   -0.2836
  QMMM:    35       35      H       -3.2665   -3.6406   -0.2316
  QMMM:    36       36      H        1.3804   -3.8094    0.0329
  QMMM:    37       37      H        3.3771   -3.9832    1.0611
  QMMM:    38       38      H        3.5263   -3.8730   -0.7702
  QMMM:    39       39      H        5.7282   -2.6291    0.9968
  QMMM:    40       40      H        5.6869   -4.4572    0.7621
  QMMM:    41       41      H        6.4779   -2.2690   -2.5166
  QMMM:    42       42      H        6.7292   -1.4576   -0.8857
  QMMM:    43       43      H        5.0335   -1.6661   -1.5434
  QMMM:    44       44      H        1.8673    1.7776    1.6319
  QMMM:    45       45      H        3.6244    2.0970    1.2011
  QMMM:    46       46      H        2.9115    3.5536   -0.4520
  QMMM:    47       47      H        2.1056    2.1390   -1.2974
  QMMM:    48       48      H       -0.2716    4.5617    0.8502
  QMMM:    49       49      H        1.4044    5.1681    0.4005
  QMMM:    50       50      H        1.2009    3.9979    1.7941
  QMMM:    51       51      H        0.2461    1.0824    0.2282
  QMMM:    52       52      H       -4.5703   -0.1282    1.3441

           --------- Calculation Completed ----------

