            --------------------------------------------------------
                             AMBER SQM VERSION 19
 
                                     By
              Ross C. Walker, Michael F. Crowley, Scott Brozell,
                         Tim Giese, Andreas W. Goetz,
                        Tai-Sung Lee and David A. Case
 
            --------------------------------------------------------
 

--------------------------------------------------------------------------------
  QM CALCULATION INFO
--------------------------------------------------------------------------------

| QMMM: Citation for AMBER QMMM Run:
| QMMM: R.C. Walker, M.F. Crowley and D.A. Case, J. COMP. CHEM. 29:1019, 2008

QMMM: SINGLET STATE CALCULATION
QMMM: RHF CALCULATION, NO. OF DOUBLY OCCUPIED LEVELS = 61

| QMMM: *** Selected Hamiltonian *** 
| QMMM: AM1         

| QMMM: *** Parameter sets in use ***
| QMMM: O : M.J.S.DEWAR et al. JACS, 107, 3902, (1985)
| QMMM: C : M.J.S.DEWAR et al. JACS, 107, 3902, (1985)
| QMMM: N : M.J.S.DEWAR et al. JACS, 107, 3902, (1985)
| QMMM: H : M.J.S.DEWAR et al. JACS, 107, 3902, (1985)

| QMMM: *** SCF convergence criteria ***
| QMMM: Energy change                :  0.1D-09 kcal/mol
| QMMM: Error matrix |FP-PF|         :  0.1D+00 au
| QMMM: Density matrix change        :  0.5D-06
| QMMM: Maximum number of SCF cycles :     1000

| QMMM: *** Diagonalization Routine Information ***
| QMMM: Pseudo diagonalizations are allowed.
| QMMM: Auto diagonalization routine selection is in use.
| QMMM:
| QMMM: Timing diagonalization routines:
| QMMM:                              norbs =      115
| QMMM:    diag iterations used for timing =       10
| QMMM:
| QMMM:              Internal diag routine = 0.058166 seconds
| QMMM:                 Dspev diag routine = 0.160415 seconds
| QMMM:                Dspevd diag routine = 1.363554 seconds
| QMMM:                Dspevx diag routine = 0.595840 seconds
| QMMM:                 Dsyev diag routine = 0.062949 seconds
| QMMM:                Dsyevd diag routine = 2.329277 seconds
| QMMM:                Dsyevr diag routine = 0.441346 seconds
| QMMM:
| QMMM:                Pseudo diag routine = 0.047509 seconds
| QMMM:
| QMMM: Using internal diagonalization routine (diag_routine=1).

  QMMM: QM Region Cartesian Coordinates (*=link atom) 
  QMMM: QM_NO.   MM_NO.  ATOM         X         Y         Z
  QMMM:     1        1      O       -2.9300    5.1010   -0.7570
  QMMM:     2        2      C       -1.7530    4.6870   -0.5840
  QMMM:     3        3      N       -0.5890    5.4860   -0.7910
  QMMM:     4        4      C        0.4980    4.6180   -0.4740
  QMMM:     5        5      O        1.7080    4.9580   -0.5290
  QMMM:     6        6      C       -0.0020    3.3040   -0.0830
  QMMM:     7        7      C        0.6730    2.1600    0.3270
  QMMM:     8        8      C       -0.0840    1.0160    0.6620
  QMMM:     9        9      N        0.5770   -0.1500    1.1820
  QMMM:    10       10      C        1.7630   -0.7280    0.6090
  QMMM:    11       11      C        2.1200   -0.4980   -0.7340
  QMMM:    12       12      C        3.2590   -1.1020   -1.2740
  QMMM:    13       13      C        4.0450   -1.9470   -0.4870
  QMMM:    14       14      C        3.6900   -2.1940    0.8410
  QMMM:    15       15      C        2.5510   -1.5930    1.3850
  QMMM:    16       16      C       -1.5080    1.0560    0.5760
  QMMM:    17       17      N       -2.3090   -0.0920    0.9000
  QMMM:    18       18      C       -2.0570   -1.4130    0.3900
  QMMM:    19       19      C       -2.5470   -2.5280    1.0880
  QMMM:    20       20      C       -2.3060   -3.8210    0.6140
  QMMM:    21       21      C       -1.5840   -4.0110   -0.5670
  QMMM:    22       22      C       -1.1090   -2.9070   -1.2810
  QMMM:    23       23      C       -1.3510   -1.6130   -0.8120
  QMMM:    24       24      C       -2.1560    2.2450    0.1850
  QMMM:    25       25      C       -1.3750    3.3480   -0.1470
  QMMM:    26       26      H       -0.5430    6.4820   -1.0990
  QMMM:    27       27      H        1.7530    2.1630    0.4110
  QMMM:    28       28      H        0.1520   -0.6180    2.0150
  QMMM:    29       29      H        1.5110    0.1300   -1.3700
  QMMM:    30       30      H        3.5280   -0.9210   -2.3070
  QMMM:    31       31      H        4.9260   -2.4150   -0.9080
  QMMM:    32       32      H        4.2950   -2.8550    1.4480
  QMMM:    33       33      H        2.2830   -1.7980    2.4140
  QMMM:    34       34      H       -3.1640    0.0580    1.4820
  QMMM:    35       35      H       -3.1030   -2.3930    2.0080
  QMMM:    36       36      H       -2.6780   -4.6760    1.1630
  QMMM:    37       37      H       -1.3970   -5.0120   -0.9320
  QMMM:    38       38      H       -0.5580   -3.0540   -2.2000
  QMMM:    39       39      H       -0.9920   -0.7710   -1.3880
  QMMM:    40       40      H       -3.2360    2.2990    0.1270

--------------------------------------------------------------------------------
  RESULTS
--------------------------------------------------------------------------------

      iter         sqm energy              rms gradient
      ----    -------------------    -----------------------
xmin    10       43.9285 kcal/mol        0.9136 kcal/(mol*A)
xmin    20       43.6255 kcal/mol        0.4500 kcal/(mol*A)
xmin    30       43.3949 kcal/mol        0.0905 kcal/(mol*A)
xmin    40       43.1166 kcal/mol        0.1825 kcal/(mol*A)
xmin    50       43.0597 kcal/mol        0.1366 kcal/(mol*A)
xmin    60       43.0331 kcal/mol        0.1922 kcal/(mol*A)
xmin    70       43.0285 kcal/mol        0.0380 kcal/(mol*A)
