            --------------------------------------------------------
                             AMBER SQM VERSION 19
 
                                     By
              Ross C. Walker, Michael F. Crowley, Scott Brozell,
                         Tim Giese, Andreas W. Goetz,
                        Tai-Sung Lee and David A. Case
 
            --------------------------------------------------------
 

--------------------------------------------------------------------------------
  QM CALCULATION INFO
--------------------------------------------------------------------------------

| QMMM: Citation for AMBER QMMM Run:
| QMMM: R.C. Walker, M.F. Crowley and D.A. Case, J. COMP. CHEM. 29:1019, 2008

QMMM: SINGLET STATE CALCULATION
QMMM: RHF CALCULATION, NO. OF DOUBLY OCCUPIED LEVELS = 78

| QMMM: *** Selected Hamiltonian *** 
| QMMM: AM1         

| QMMM: *** Parameter sets in use ***
| QMMM: C : M.J.S.DEWAR et al. JACS, 107, 3902, (1985)
| QMMM: O : M.J.S.DEWAR et al. JACS, 107, 3902, (1985)
| QMMM: N : M.J.S.DEWAR et al. JACS, 107, 3902, (1985)
| QMMM: F : M.J.S.DEWAR et al. THEOCHEM, 180, 1, (1988)
| QMMM: H : M.J.S.DEWAR et al. JACS, 107, 3902, (1985)

| QMMM: *** SCF convergence criteria ***
| QMMM: Energy change                :  0.1D-09 kcal/mol
| QMMM: Error matrix |FP-PF|         :  0.1D+00 au
| QMMM: Density matrix change        :  0.5D-06
| QMMM: Maximum number of SCF cycles :     1000

| QMMM: *** Diagonalization Routine Information ***
| QMMM: Pseudo diagonalizations are allowed.
| QMMM: Auto diagonalization routine selection is in use.
| QMMM:
| QMMM: Timing diagonalization routines:
| QMMM:                              norbs =      142
| QMMM:    diag iterations used for timing =       10
| QMMM:
| QMMM:              Internal diag routine = 0.045185 seconds
| QMMM:                 Dspev diag routine = 0.077548 seconds
| QMMM:                Dspevd diag routine = 0.410715 seconds
| QMMM:                Dspevx diag routine = 0.146223 seconds
| QMMM:                 Dsyev diag routine = 0.098769 seconds
| QMMM:                Dsyevd diag routine = 0.026681 seconds
| QMMM:                Dsyevr diag routine = 0.038737 seconds
| QMMM:
| QMMM:                Pseudo diag routine = 0.025212 seconds
| QMMM:
| QMMM: Using dsyevd routine (diag_routine=6).

  QMMM: QM Region Cartesian Coordinates (*=link atom) 
  QMMM: QM_NO.   MM_NO.  ATOM         X         Y         Z
  QMMM:     1        1      C       -7.6360    1.5010    0.1900
  QMMM:     2        2      O       -6.2680    1.8140    0.3230
  QMMM:     3        3      C       -5.7600    2.2260   -0.9280
  QMMM:     4        4      C       -4.2780    2.5490   -0.7890
  QMMM:     5        5      O       -3.5690    1.3810   -0.3830
  QMMM:     6        6      C       -2.1840    1.3250   -0.1580
  QMMM:     7        7      C       -1.3560    2.4500   -0.3270
  QMMM:     8        8      C        0.0190    2.3580   -0.0950
  QMMM:     9        9      N        0.8080    3.4460   -0.2850
  QMMM:    10       10      C        2.1470    3.3850   -0.0770
  QMMM:    11       11      N        2.7190    2.2260    0.3370
  QMMM:    12       12      C        1.9830    1.1000    0.5440
  QMMM:    13       13      N        2.6350   -0.0860    1.0300
  QMMM:    14       14      C        3.9750   -0.4600    0.6620
  QMMM:    15       15      C        4.7290   -1.2670    1.5280
  QMMM:    16       16      C        6.0240   -1.6590    1.1820
  QMMM:    17       17      C        6.5760   -1.2610   -0.0380
  QMMM:    18       18      C        5.8280   -0.4720   -0.9200
  QMMM:    19       19      C        6.3900   -0.0750   -2.1850
  QMMM:    20       20      C        6.8600    0.2580   -3.2440
  QMMM:    21       21      F        7.3800    0.6260   -4.4140
  QMMM:    22       22      C        4.5280   -0.0780   -0.5750
  QMMM:    23       23      C        0.5880    1.1390    0.3270
  QMMM:    24       24      C       -0.2400    0.0130    0.4840
  QMMM:    25       25      C       -1.6250    0.1020    0.2410
  QMMM:    26       26      O       -2.4860   -1.0010    0.3850
  QMMM:    27       27      C       -2.0840   -2.3350    0.6990
  QMMM:    28       28      C       -1.4580   -3.0140   -0.5220
  QMMM:    29       29      O       -1.0300   -4.3210   -0.1890
  QMMM:    30       30      C        0.3440   -4.3200    0.1350
  QMMM:    31       31      H       -8.0240    1.1850    1.1800
  QMMM:    32       32      H       -8.2240    2.3890   -0.1340
  QMMM:    33       33      H       -7.7890    0.6550   -0.5170
  QMMM:    34       34      H       -5.8730    1.4200   -1.6900
  QMMM:    35       35      H       -6.2820    3.1440   -1.2830
  QMMM:    36       36      H       -4.1470    3.3530   -0.0320
  QMMM:    37       37      H       -3.8900    2.9000   -1.7700
  QMMM:    38       38      H       -1.7680    3.3980   -0.6440
  QMMM:    39       39      H        2.7590    4.2620   -0.2340
  QMMM:    40       40      H        2.1610   -0.6410    1.7770
  QMMM:    41       41      H        4.3140   -1.5850    2.4770
  QMMM:    42       42      H        6.6010   -2.2750    1.8600
  QMMM:    43       43      H        7.5810   -1.5730   -0.2960
  QMMM:    44       44      H        3.9470    0.5080   -1.2760
  QMMM:    45       45      H        0.1900   -0.9310    0.7760
  QMMM:    46       46      H       -2.9870   -2.9100    0.9960
  QMMM:    47       47      H       -1.3960   -2.3390    1.5700
  QMMM:    48       48      H       -0.6510   -2.3830   -0.9640
  QMMM:    49       49      H       -2.2390   -3.0990   -1.3070
  QMMM:    50       50      H        0.5710   -3.6060    0.9580
  QMMM:    51       51      H        0.6270   -5.3350    0.4820
  QMMM:    52       52      H        0.9600   -4.0850   -0.7600

--------------------------------------------------------------------------------
  RESULTS
--------------------------------------------------------------------------------

      iter         sqm energy              rms gradient
      ----    -------------------    -----------------------
xmin    10      -48.0217 kcal/mol        0.6413 kcal/(mol*A)
xmin    20      -48.7730 kcal/mol        0.5069 kcal/(mol*A)
xmin    30      -49.1006 kcal/mol        1.2331 kcal/(mol*A)
xmin    40      -49.5393 kcal/mol        0.2248 kcal/(mol*A)
xmin    50      -49.6659 kcal/mol        0.6391 kcal/(mol*A)
xmin    60      -49.7721 kcal/mol        0.1474 kcal/(mol*A)
xmin    70      -49.7988 kcal/mol        0.0800 kcal/(mol*A)
xmin    80      -49.8063 kcal/mol        0.0230 kcal/(mol*A)
xmin    90      -49.8333 kcal/mol        0.1218 kcal/(mol*A)
xmin   100      -49.8377 kcal/mol        0.0215 kcal/(mol*A)
xmin   110      -49.8402 kcal/mol        0.0663 kcal/(mol*A)
xmin   120      -49.8444 kcal/mol        0.0246 kcal/(mol*A)
xmin   130      -49.8448 kcal/mol        0.0177 kcal/(mol*A)
xmin   140      -49.8461 kcal/mol        0.0053 kcal/(mol*A)
xmin   150      -49.8469 kcal/mol        0.0118 kcal/(mol*A)
xmin   160      -49.8471 kcal/mol        0.0138 kcal/(mol*A)
xmin   170      -49.8472 kcal/mol        0.0037 kcal/(mol*A)
xmin   180      -49.8473 kcal/mol        0.0138 kcal/(mol*A)
xmin   190      -49.8474 kcal/mol        0.0073 kcal/(mol*A)
xmin   200      -49.8475 kcal/mol        0.0026 kcal/(mol*A)
xmin   210      -49.8475 kcal/mol        0.0020 kcal/(mol*A)
xmin   220      -49.8475 kcal/mol        0.0013 kcal/(mol*A)
xmin   230      -49.8475 kcal/mol        0.0067 kcal/(mol*A)
xmin   240      -49.8475 kcal/mol        0.0010 kcal/(mol*A)
  ... geometry converged !
 
 Final MO eigenvalues (eV):
 -51.2788  -41.6896  -40.6212  -39.9785  -39.8648  -38.9839  -38.5138  -37.2131
 -36.4512  -34.5817  -33.2688  -32.2856  -31.1487  -31.1168  -30.7949  -30.4138
 -29.2911  -27.7660  -27.0513  -25.4105  -24.9006  -24.5104  -24.1743  -23.7267
 -22.9954  -22.0720  -20.8431  -20.2556  -19.7593  -18.7486  -18.5237  -18.1781
 -17.9243  -17.5995  -17.4154  -17.3169  -17.2851  -17.1775  -17.0634  -16.9095
 -16.5778  -16.3540  -16.2244  -16.1555  -15.8409  -15.5926  -15.4561  -15.2614
 -15.1262  -15.0461  -14.7791  -14.6672  -14.2232  -13.7921  -13.7067  -13.5150
 -13.3622  -13.1882  -13.0683  -12.9749  -12.7401  -12.5496  -12.5102  -12.4358
 -12.2743  -12.1701  -11.9360  -11.8403  -11.7177  -11.0095  -10.8958  -10.7819
 -10.7727  -10.4827   -9.6403   -9.4474   -9.3108   -8.7313   -0.7845   -0.3372
  -0.2977    0.1807    0.6843    1.3076    1.5653    1.6735    1.8314    1.8861
   1.9218    2.2608    2.7793    2.8022    2.8691    2.8879    3.0149    3.0784
   3.1248    3.2763    3.3434    3.4854    3.6343    3.6467    3.6603    3.7032
   3.7319    3.7928    3.8129    3.8618    3.8951    3.9367    3.9495    4.0334
   4.1245    4.1631    4.1709    4.1902    4.2418    4.2548    4.2807    4.3174
   4.3493    4.4013    4.4278    4.4626    4.5318    4.6744    4.7833    4.8631
   4.9736    5.1552    5.1795    5.3313    5.4000    5.6023    5.7516    5.8011
   5.9391    6.0078    6.0454    6.2527    6.5558    7.0283

 Heat of formation   =        -49.84753211 kcal/mol  (       -2.16155120 eV)

 Total SCF energy    =    -126912.17230011 kcal/mol  (    -5503.32476042 eV)
 Electronic energy   =    -938973.09668194 kcal/mol  (   -40716.92887047 eV)
 Core-core repulsion =     812060.92438184 kcal/mol  (    35213.60411005 eV)
 
    Atomic Charges for Step       1 :
  Atom    Element       Mulliken Charge
     1      C                 -0.073
     2      O                 -0.280
     3      C                 -0.028
     4      C                 -0.032
     5      O                 -0.189
     6      C                  0.106
     7      C                 -0.189
     8      C                  0.054
     9      N                 -0.183
    10      C                  0.001
    11      N                 -0.233
    12      C                  0.163
    13      N                 -0.242
    14      C                  0.047
    15      C                 -0.162
    16      C                 -0.114
    17      C                 -0.120
    18      C                  0.058
    19      C                 -0.131
    20      C                 -0.002
    21      F                  0.010
    22      C                 -0.088
    23      C                 -0.149
    24      C                 -0.170
    25      C                  0.063
    26      O                 -0.181
    27      C                 -0.059
    28      C                 -0.060
    29      O                 -0.268
    30      C                 -0.080
    31      H                  0.101
    32      H                  0.059
    33      H                  0.064
    34      H                  0.099
    35      H                  0.077
    36      H                  0.112
    37      H                  0.089
    38      H                  0.165
    39      H                  0.192
    40      H                  0.218
    41      H                  0.132
    42      H                  0.138
    43      H                  0.143
    44      H                  0.161
    45      H                  0.140
    46      H                  0.126
    47      H                  0.085
    48      H                  0.088
    49      H                  0.119
    50      H                  0.047
    51      H                  0.106
    52      H                  0.070
 Total Mulliken Charge =       0.000
 
                  X        Y        Z     TOTAL  
  QM DIPOLE    -1.875   -1.917    1.273    2.968
 
 Final Structure

  QMMM: QM Region Cartesian Coordinates (*=link atom) 
  QMMM: QM_NO.   MM_NO.  ATOM         X         Y         Z
  QMMM:     1        1      C       -7.6460    2.3505    1.0148
  QMMM:     2        2      O       -6.3068    2.6849    0.6930
  QMMM:     3        3      C       -5.8583    2.0594   -0.5072
  QMMM:     4        4      C       -4.3625    2.3415   -0.6066
  QMMM:     5        5      O       -3.7212    1.0798   -0.3600
  QMMM:     6        6      C       -2.3476    1.1016   -0.3277
  QMMM:     7        7      C       -1.5627    2.2076   -0.5586
  QMMM:     8        8      C       -0.1371    2.1061   -0.4983
  QMMM:     9        9      N        0.6314    3.2270   -0.7535
  QMMM:    10       10      C        1.9516    3.0597   -0.6802
  QMMM:    11       11      N        2.6490    1.9199   -0.3599
  QMMM:    12       12      C        1.9162    0.8130   -0.1056
  QMMM:    13       13      N        2.5410   -0.4102    0.1945
  QMMM:    14       14      C        3.9441   -0.5281    0.3473
  QMMM:    15       15      C        4.4747   -1.1316    1.5093
  QMMM:    16       16      C        5.8454   -1.3377    1.6267
  QMMM:    17       17      C        6.7143   -0.9463    0.6128
  QMMM:    18       18      C        6.2009   -0.3417   -0.5455
  QMMM:    19       19      C        7.0703    0.0555   -1.5762
  QMMM:    20       20      C        7.8099    0.3963   -2.4520
  QMMM:    21       21      F        8.6119    0.7630   -3.3997
  QMMM:    22       22      C        4.8204   -0.1352   -0.6831
  QMMM:    23       23      C        0.4561    0.8462   -0.1801
  QMMM:    24       24      C       -0.3702   -0.2849    0.0280
  QMMM:    25       25      C       -1.7411   -0.1731   -0.0365
  QMMM:    26       26      O       -2.6493   -1.1919    0.1575
  QMMM:    27       27      C       -2.1323   -2.4840    0.4696
  QMMM:    28       28      C       -1.6206   -3.1907   -0.7826
  QMMM:    29       29      O       -0.8385   -4.3230   -0.4345
  QMMM:    30       30      C        0.5199   -4.0258   -0.1604
  QMMM:    31       31      H       -7.8544    2.9156    1.9574
  QMMM:    32       32      H       -8.3396    2.6756    0.2004
  QMMM:    33       33      H       -7.7478    1.2503    1.1858
  QMMM:    34       34      H       -6.0549    0.9546   -0.4700
  QMMM:    35       35      H       -6.3977    2.5103   -1.3814
  QMMM:    36       36      H       -4.0432    3.0909    0.1647
  QMMM:    37       37      H       -4.0911    2.6963   -1.6342
  QMMM:    38       38      H       -2.0077    3.1871   -0.7929
  QMMM:    39       39      H        2.5873    3.9468   -0.8889
  QMMM:    40       40      H        2.0203   -0.9724    0.8373
  QMMM:    41       41      H        3.8116   -1.4447    2.3302
  QMMM:    42       42      H        6.2461   -1.8106    2.5364
  QMMM:    43       43      H        7.7973   -1.1067    0.7156
  QMMM:    44       44      H        4.4350    0.3393   -1.5990
  QMMM:    45       45      H        0.0786   -1.2723    0.2145
  QMMM:    46       46      H       -3.0334   -3.0154    0.8831
  QMMM:    47       47      H       -1.3442   -2.4286    1.2633
  QMMM:    48       48      H       -1.0473   -2.4787   -1.4325
  QMMM:    49       49      H       -2.4796   -3.6174   -1.3676
  QMMM:    50       50      H        0.6105   -3.3969    0.7601
  QMMM:    51       51      H        0.9939   -5.0258    0.0053
  QMMM:    52       52      H        0.9972   -3.5028   -1.0257

           --------- Calculation Completed ----------

