            --------------------------------------------------------
                             AMBER SQM VERSION 19
 
                                     By
              Ross C. Walker, Michael F. Crowley, Scott Brozell,
                         Tim Giese, Andreas W. Goetz,
                        Tai-Sung Lee and David A. Case
 
            --------------------------------------------------------
 

--------------------------------------------------------------------------------
  QM CALCULATION INFO
--------------------------------------------------------------------------------

| QMMM: Citation for AMBER QMMM Run:
| QMMM: R.C. Walker, M.F. Crowley and D.A. Case, J. COMP. CHEM. 29:1019, 2008

QMMM: SINGLET STATE CALCULATION
QMMM: RHF CALCULATION, NO. OF DOUBLY OCCUPIED LEVELS = 75

| QMMM: *** Selected Hamiltonian *** 
| QMMM: AM1         

| QMMM: *** Parameter sets in use ***
| QMMM: C : M.J.S.DEWAR et al. JACS, 107, 3902, (1985)
| QMMM: N : M.J.S.DEWAR et al. JACS, 107, 3902, (1985)
| QMMM: O : M.J.S.DEWAR et al. JACS, 107, 3902, (1985)
| QMMM: H : M.J.S.DEWAR et al. JACS, 107, 3902, (1985)

| QMMM: *** SCF convergence criteria ***
| QMMM: Energy change                :  0.1D-09 kcal/mol
| QMMM: Error matrix |FP-PF|         :  0.1D+00 au
| QMMM: Density matrix change        :  0.5D-06
| QMMM: Maximum number of SCF cycles :     1000

| QMMM: *** Diagonalization Routine Information ***
| QMMM: Pseudo diagonalizations are allowed.
| QMMM: Auto diagonalization routine selection is in use.
| QMMM:
| QMMM: Timing diagonalization routines:
| QMMM:                              norbs =      139
| QMMM:    diag iterations used for timing =       10
| QMMM:
| QMMM:              Internal diag routine = 0.067200 seconds
| QMMM:                 Dspev diag routine = 0.336091 seconds
| QMMM:                Dspevd diag routine = 1.712307 seconds
| QMMM:                Dspevx diag routine = 0.257587 seconds
| QMMM:                 Dsyev diag routine = 0.733420 seconds
| QMMM:                Dsyevd diag routine = 1.884747 seconds
| QMMM:                Dsyevr diag routine = 0.275649 seconds
| QMMM:
| QMMM:                Pseudo diag routine = 0.031828 seconds
| QMMM:
| QMMM: Using internal diagonalization routine (diag_routine=1).

  QMMM: QM Region Cartesian Coordinates (*=link atom) 
  QMMM: QM_NO.   MM_NO.  ATOM         X         Y         Z
  QMMM:     1        1      C        8.0120    2.2530   -0.7850
  QMMM:     2        2      C        7.2690    1.4870   -0.2350
  QMMM:     3        3      C        6.3830    0.5740    0.4200
  QMMM:     4        4      C        6.8620   -0.2630    1.4260
  QMMM:     5        5      C        5.9890   -1.1350    2.0730
  QMMM:     6        6      C        4.6410   -1.1790    1.7040
  QMMM:     7        7      C        4.1470   -0.3750    0.6700
  QMMM:     8        8      N        2.7780   -0.3390    0.3170
  QMMM:     9        9      C        1.8090   -1.3740    0.4280
  QMMM:    10       10      N        2.2160   -2.6400    0.6320
  QMMM:    11       11      C        1.2680   -3.5780    0.6810
  QMMM:    12       12      N       -0.0470   -3.3780    0.5470
  QMMM:    13       13      C       -0.4480   -2.1180    0.3620
  QMMM:    14       14      C       -1.8090   -1.8750    0.2260
  QMMM:    15       15      C       -2.3190   -0.5870    0.0360
  QMMM:    16       16      O       -3.6480   -0.2810   -0.1040
  QMMM:    17       17      C       -4.6140   -1.3300   -0.1260
  QMMM:    18       18      C       -4.7470   -1.9420   -1.5210
  QMMM:    19       19      O       -5.7210   -2.9870   -1.5520
  QMMM:    20       20      C       -5.1970   -4.2420   -1.1370
  QMMM:    21       21      C       -1.4330    0.5010   -0.0040
  QMMM:    22       22      O       -1.9940    1.7370   -0.1970
  QMMM:    23       23      C       -1.2000    2.8840    0.1240
  QMMM:    24       24      C       -2.0810    4.1290    0.0260
  QMMM:    25       25      O       -2.2550    4.4810   -1.3510
  QMMM:    26       26      C       -3.1530    5.5720   -1.5040
  QMMM:    27       27      C       -0.0630    0.2710    0.1230
  QMMM:    28       28      C        0.4450   -1.0420    0.2990
  QMMM:    29       29      C        5.0320    0.5250    0.0550
  QMMM:    30       30      H        8.6730    2.9310   -1.2720
  QMMM:    31       31      H        7.9090   -0.2330    1.7190
  QMMM:    32       32      H        6.3520   -1.7790    2.8700
  QMMM:    33       33      H        3.9790   -1.8500    2.2440
  QMMM:    34       34      H        2.6390    0.1390   -0.5680
  QMMM:    35       35      H        1.5970   -4.5990    0.8410
  QMMM:    36       36      H       -2.4620   -2.7400    0.2740
  QMMM:    37       37      H       -4.4400   -2.0700    0.6620
  QMMM:    38       38      H       -5.5780   -0.8770    0.1390
  QMMM:    39       39      H       -5.0830   -1.1630   -2.2150
  QMMM:    40       40      H       -3.7870   -2.2970   -1.9120
  QMMM:    41       41      H       -5.9960   -4.9850   -1.2040
  QMMM:    42       42      H       -4.3790   -4.5520   -1.7940
  QMMM:    43       43      H       -4.8520   -4.2000   -0.1000
  QMMM:    44       44      H       -0.8280    2.7930    1.1510
  QMMM:    45       45      H       -0.3680    2.9680   -0.5840
  QMMM:    46       46      H       -1.5910    4.9660    0.5360
  QMMM:    47       47      H       -3.0600    3.9410    0.4820
  QMMM:    48       48      H       -3.2330    5.8060   -2.5680
  QMMM:    49       49      H       -4.1460    5.3050   -1.1290
  QMMM:    50       50      H       -2.7760    6.4550   -0.9780
  QMMM:    51       51      H        0.6360    1.1000    0.0900
  QMMM:    52       52      H        4.6740    1.1960   -0.7220

--------------------------------------------------------------------------------
  RESULTS
--------------------------------------------------------------------------------

      iter         sqm energy              rms gradient
      ----    -------------------    -----------------------
xmin    10      -10.4578 kcal/mol        0.2907 kcal/(mol*A)
xmin    20      -10.8737 kcal/mol        0.3113 kcal/(mol*A)
xmin    30      -11.1934 kcal/mol        0.5106 kcal/(mol*A)
xmin    40      -11.3098 kcal/mol        0.2083 kcal/(mol*A)
xmin    50      -11.3486 kcal/mol        0.1366 kcal/(mol*A)
xmin    60      -11.4223 kcal/mol        0.0771 kcal/(mol*A)
xmin    70      -11.4546 kcal/mol        0.0653 kcal/(mol*A)
xmin    80      -11.4716 kcal/mol        0.0320 kcal/(mol*A)
xmin    90      -11.4747 kcal/mol        0.0467 kcal/(mol*A)
xmin   100      -11.4782 kcal/mol        0.0394 kcal/(mol*A)
xmin   110      -11.4797 kcal/mol        0.0155 kcal/(mol*A)
xmin   120      -11.4816 kcal/mol        0.0571 kcal/(mol*A)
xmin   130      -11.4820 kcal/mol        0.0148 kcal/(mol*A)
xmin   140      -11.4832 kcal/mol        0.0170 kcal/(mol*A)
xmin   150      -11.4835 kcal/mol        0.0095 kcal/(mol*A)
xmin   160      -11.4840 kcal/mol        0.0089 kcal/(mol*A)
xmin   170      -11.4842 kcal/mol        0.0121 kcal/(mol*A)
xmin   180      -11.4847 kcal/mol        0.0095 kcal/(mol*A)
xmin   190      -11.4849 kcal/mol        0.0046 kcal/(mol*A)
xmin   200      -11.4851 kcal/mol        0.0041 kcal/(mol*A)
xmin   210      -11.4851 kcal/mol        0.0090 kcal/(mol*A)
xmin   220      -11.4701 kcal/mol        0.2803 kcal/(mol*A)
xmin   230      -11.4855 kcal/mol        0.0032 kcal/(mol*A)
xmin   240      -11.4855 kcal/mol        0.0022 kcal/(mol*A)
  ... geometry converged !
 
 Final MO eigenvalues (eV):
 -41.6436  -40.5629  -39.8865  -39.7927  -38.9288  -38.4665  -37.1388  -36.4009
 -34.3700  -33.3263  -32.1611  -31.2889  -30.9842  -30.7670  -30.2552  -29.2002
 -27.5985  -27.0702  -25.4247  -24.8141  -24.4977  -23.8803  -23.6796  -22.9076
 -22.2333  -20.4589  -19.9191  -19.5305  -18.4919  -18.1224  -17.9374  -17.7403
 -17.6748  -17.2164  -17.1034  -16.8839  -16.7563  -16.4550  -16.2933  -16.1190
 -16.0501  -15.8661  -15.4529  -15.3883  -15.1977  -15.0080  -14.8721  -14.5568
 -14.5194  -14.1731  -14.0181  -13.6297  -13.4765  -13.3028  -13.1282  -12.9905
 -12.7761  -12.7112  -12.5514  -12.4105  -12.3553  -12.3240  -12.0099  -11.9210
 -11.8771  -11.7050  -11.2626  -10.8435  -10.8225  -10.7221  -10.4481   -9.6407
  -9.4315   -9.2383   -8.6407   -0.7325   -0.3019   -0.0594    0.2237    0.7397
   1.5938    1.7420    1.8029    1.9055    1.9473    2.0815    2.8515    2.8625
   2.9417    3.0176    3.0545    3.1187    3.1719    3.2732    3.3716    3.4436
   3.5927    3.6023    3.6986    3.7365    3.7669    3.8537    3.8709    3.8920
   3.9790    4.0312    4.0410    4.0873    4.1257    4.1769    4.2087    4.2404
   4.2506    4.3017    4.3587    4.3706    4.3937    4.4450    4.4762    4.4953
   4.5189    4.5834    4.7112    4.9271    5.0028    5.0899    5.2403    5.2766
   5.4439    5.5255    5.7102    5.8057    5.9099    5.9625    6.0709    6.1401
   6.2884    6.6083    7.0704

 Heat of formation   =        -11.48548053 kcal/mol  (       -0.49804781 eV)

 Total SCF energy    =    -116047.73211701 kcal/mol  (    -5032.20728143 eV)
 Electronic energy   =    -878760.01418452 kcal/mol  (   -38105.89368130 eV)
 Core-core repulsion =     762712.28206751 kcal/mol  (    33073.68639987 eV)
 
    Atomic Charges for Step       1 :
  Atom    Element       Mulliken Charge
     1      C                 -0.191
     2      C                 -0.131
     3      C                  0.043
     4      C                 -0.118
     5      C                 -0.121
     6      C                 -0.101
     7      C                  0.047
     8      N                 -0.242
     9      C                  0.170
    10      N                 -0.237
    11      C                  0.003
    12      N                 -0.191
    13      C                  0.053
    14      C                 -0.194
    15      C                  0.100
    16      O                 -0.182
    17      C                 -0.061
    18      C                 -0.058
    19      O                 -0.270
    20      C                 -0.083
    21      C                  0.067
    22      O                 -0.189
    23      C                 -0.031
    24      C                 -0.027
    25      O                 -0.282
    26      C                 -0.072
    27      C                 -0.165
    28      C                 -0.149
    29      C                 -0.148
    30      H                  0.225
    31      H                  0.142
    32      H                  0.138
    33      H                  0.154
    34      H                  0.222
    35      H                  0.190
    36      H                  0.162
    37      H                  0.093
    38      H                  0.125
    39      H                  0.117
    40      H                  0.088
    41      H                  0.103
    42      H                  0.070
    43      H                  0.059
    44      H                  0.086
    45      H                  0.104
    46      H                  0.077
    47      H                  0.101
    48      H                  0.101
    49      H                  0.065
    50      H                  0.059
    51      H                  0.142
    52      H                  0.137
 Total Mulliken Charge =      -0.000
 
                  X        Y        Z     TOTAL  
  QM DIPOLE     0.087    2.768    0.488    2.812
 
 Final Structure

  QMMM: QM Region Cartesian Coordinates (*=link atom) 
  QMMM: QM_NO.   MM_NO.  ATOM         X         Y         Z
  QMMM:     1        1      C        7.8503    1.7354   -1.3663
  QMMM:     2        2      C        7.1287    1.1117   -0.6423
  QMMM:     3        3      C        6.2821    0.3759    0.2114
  QMMM:     4        4      C        6.8259   -0.4313    1.2223
  QMMM:     5        5      C        5.9788   -1.1508    2.0599
  QMMM:     6        6      C        4.5960   -1.0814    1.9154
  QMMM:     7        7      C        4.0355   -0.2798    0.8995
  QMMM:     8        8      N        2.6336   -0.1221    0.7777
  QMMM:     9        9      C        1.7571   -1.2087    0.6425
  QMMM:    10       10      N        2.2110   -2.4794    0.7393
  QMMM:    11       11      C        1.2740   -3.4778    0.6354
  QMMM:    12       12      N       -0.0383   -3.3627    0.4321
  QMMM:    13       13      C       -0.5245   -2.0718    0.3332
  QMMM:    14       14      C       -1.9236   -1.8689    0.1174
  QMMM:    15       15      C       -2.4380   -0.5961    0.0348
  QMMM:    16       16      O       -3.7614   -0.2739   -0.1619
  QMMM:    17       17      C       -4.6956   -1.3522   -0.2311
  QMMM:    18       18      C       -4.6685   -2.0167   -1.6045
  QMMM:    19       19      O       -5.3613   -3.2546   -1.5784
  QMMM:    20       20      C       -4.5880   -4.3407   -1.0937
  QMMM:    21       21      C       -1.5690    0.5456    0.1664
  QMMM:    22       22      O       -2.2146    1.7584    0.0736
  QMMM:    23       23      C       -1.3929    2.9220    0.2430
  QMMM:    24       24      C       -2.3340    4.1094    0.0610
  QMMM:    25       25      O       -1.9021    4.7845   -1.1186
  QMMM:    26       26      C       -2.8015    5.8019   -1.5247
  QMMM:    27       27      C       -0.2179    0.3675    0.3684
  QMMM:    28       28      C        0.3331   -0.9349    0.4429
  QMMM:    29       29      C        4.8928    0.4466    0.0460
  QMMM:    30       30      H        8.4899    2.2868   -2.0071
  QMMM:    31       31      H        7.9166   -0.4926    1.3479
  QMMM:    32       32      H        6.4059   -1.7846    2.8524
  QMMM:    33       33      H        3.9500   -1.6578    2.5953
  QMMM:    34       34      H        2.3631    0.6812    0.2478
  QMMM:    35       35      H        1.6841   -4.5067    0.7235
  QMMM:    36       36      H       -2.5719   -2.7546    0.0171
  QMMM:    37       37      H       -4.5212   -2.0936    0.5901
  QMMM:    38       38      H       -5.6794   -0.8347   -0.0603
  QMMM:    39       39      H       -5.2378   -1.3973   -2.3490
  QMMM:    40       40      H       -3.6123   -2.1458   -1.9597
  QMMM:    41       41      H       -5.2454   -5.2340   -1.2410
  QMMM:    42       42      H       -3.6411   -4.4490   -1.6782
  QMMM:    43       43      H       -4.3528   -4.2068   -0.0090
  QMMM:    44       44      H       -0.9499    2.9166    1.2722
  QMMM:    45       45      H       -0.5818    2.9350   -0.5319
  QMMM:    46       46      H       -2.2563    4.8084    0.9347
  QMMM:    47       47      H       -3.3961    3.7630   -0.0522
  QMMM:    48       48      H       -2.3305    6.2399   -2.4399
  QMMM:    49       49      H       -3.8033    5.3688   -1.7676
  QMMM:    50       50      H       -2.9048    6.5777   -0.7263
  QMMM:    51       51      H        0.4259    1.2499    0.4924
  QMMM:    52       52      H        4.4831    1.0792   -0.7567

           --------- Calculation Completed ----------

