            --------------------------------------------------------
                             AMBER SQM VERSION 19
 
                                     By
              Ross C. Walker, Michael F. Crowley, Scott Brozell,
                         Tim Giese, Andreas W. Goetz,
                        Tai-Sung Lee and David A. Case
 
            --------------------------------------------------------
 

--------------------------------------------------------------------------------
  QM CALCULATION INFO
--------------------------------------------------------------------------------

| QMMM: Citation for AMBER QMMM Run:
| QMMM: R.C. Walker, M.F. Crowley and D.A. Case, J. COMP. CHEM. 29:1019, 2008

QMMM: SINGLET STATE CALCULATION
QMMM: RHF CALCULATION, NO. OF DOUBLY OCCUPIED LEVELS = 78

| QMMM: *** Selected Hamiltonian *** 
| QMMM: AM1         

| QMMM: *** Parameter sets in use ***
| QMMM: C : M.J.S.DEWAR et al. JACS, 107, 3902, (1985)
| QMMM: O : M.J.S.DEWAR et al. JACS, 107, 3902, (1985)
| QMMM: N : M.J.S.DEWAR et al. JACS, 107, 3902, (1985)
| QMMM: Cl: M.J.S.DEWAR et al. THEOCHEM, 180, 1, (1988)
| QMMM: H : M.J.S.DEWAR et al. JACS, 107, 3902, (1985)

| QMMM: *** SCF convergence criteria ***
| QMMM: Energy change                :  0.1D-09 kcal/mol
| QMMM: Error matrix |FP-PF|         :  0.1D+00 au
| QMMM: Density matrix change        :  0.5D-06
| QMMM: Maximum number of SCF cycles :     1000

| QMMM: *** Diagonalization Routine Information ***
| QMMM: Pseudo diagonalizations are allowed.
| QMMM: Auto diagonalization routine selection is in use.
| QMMM:
| QMMM: Timing diagonalization routines:
| QMMM:                              norbs =      142
| QMMM:    diag iterations used for timing =       10
| QMMM:
| QMMM:              Internal diag routine = 0.049170 seconds
| QMMM:                 Dspev diag routine = 0.043967 seconds
| QMMM:                Dspevd diag routine = 0.039686 seconds
| QMMM:                Dspevx diag routine = 0.130341 seconds
| QMMM:                 Dsyev diag routine = 0.055049 seconds
| QMMM:                Dsyevd diag routine = 0.028736 seconds
| QMMM:                Dsyevr diag routine = 0.026509 seconds
| QMMM:
| QMMM:                Pseudo diag routine = 0.025272 seconds
| QMMM:
| QMMM: Using dsyevr routine (diag_routine=7).

  QMMM: QM Region Cartesian Coordinates (*=link atom) 
  QMMM: QM_NO.   MM_NO.  ATOM         X         Y         Z
  QMMM:     1        1      C       -7.5820    1.7110    0.4100
  QMMM:     2        2      O       -6.2030    1.9970    0.4630
  QMMM:     3        3      C       -5.7400    2.3080   -0.8340
  QMMM:     4        4      C       -4.2470    2.6030   -0.7800
  QMMM:     5        5      O       -3.5480    1.4470   -0.3230
  QMMM:     6        6      C       -2.1560    1.3730   -0.1520
  QMMM:     7        7      C       -1.3110    2.4610   -0.4350
  QMMM:     8        8      C        0.0700    2.3510   -0.2540
  QMMM:     9        9      N        0.8750    3.4030   -0.5530
  QMMM:    10       10      C        2.2200    3.3220   -0.3970
  QMMM:    11       11      N        2.7830    2.1810    0.0720
  QMMM:    12       12      C        2.0320    1.0910    0.3890
  QMMM:    13       13      N        2.6780   -0.0750    0.9300
  QMMM:    14       14      C        3.9900   -0.5080    0.5320
  QMMM:    15       15      C        4.7630   -1.2720    1.4200
  QMMM:    16       16      C        6.0330   -1.7210    1.0480
  QMMM:    17       17      C        6.5390   -1.4220   -0.2200
  QMMM:    18       18      C        5.7710   -0.6770   -1.1230
  QMMM:    19       19      C        6.2860   -0.3830   -2.4340
  QMMM:    20       20      C        6.7160   -0.1360   -3.5330
  QMMM:    21       21      Cl       7.3320    0.2190   -5.1070
  QMMM:    22       22      C        4.4980   -0.2260   -0.7510
  QMMM:    23       23      C        0.6300    1.1500    0.2290
  QMMM:    24       24      C       -0.2160    0.0590    0.4990
  QMMM:    25       25      C       -1.6080    0.1660    0.3080
  QMMM:    26       26      O       -2.4870   -0.9020    0.5660
  QMMM:    27       27      C       -2.1010   -2.2210    0.9550
  QMMM:    28       28      C       -1.5430   -2.9980   -0.2400
  QMMM:    29       29      O       -1.1310   -4.2900    0.1650
  QMMM:    30       30      C        0.2550   -4.3010    0.4310
  QMMM:    31       31      H       -7.9340    1.4740    1.4350
  QMMM:    32       32      H       -8.1640    2.5880    0.0490
  QMMM:    33       33      H       -7.7850    0.8220   -0.2280
  QMMM:    34       34      H       -5.9050    1.4550   -1.5320
  QMMM:    35       35      H       -6.2580    3.2130   -1.2300
  QMMM:    36       36      H       -4.0660    3.4530   -0.0870
  QMMM:    37       37      H       -3.8950    2.8750   -1.7980
  QMMM:    38       38      H       -1.7160    3.3960   -0.8000
  QMMM:    39       39      H        2.8430    4.1710   -0.6410
  QMMM:    40       40      H        2.2240   -0.5640    1.7340
  QMMM:    41       41      H        4.3840   -1.5140    2.4050
  QMMM:    42       42      H        6.6250   -2.3030    1.7420
  QMMM:    43       43      H        7.5250   -1.7770   -0.4980
  QMMM:    44       44      H        3.8990    0.3240   -1.4660
  QMMM:    45       45      H        0.2050   -0.8730    0.8390
  QMMM:    46       46      H       -3.0030   -2.7510    1.3290
  QMMM:    47       47      H       -1.3760   -2.1820    1.7950
  QMMM:    48       48      H       -0.7430   -2.4200   -0.7590
  QMMM:    49       49      H       -2.3600   -3.1180   -0.9840
  QMMM:    50       50      H        0.5330   -3.5380    1.1920
  QMMM:    51       51      H        0.5300   -5.2960    0.8360
  QMMM:    52       52      H        0.8370   -4.1440   -0.5040

--------------------------------------------------------------------------------
  RESULTS
--------------------------------------------------------------------------------

      iter         sqm energy              rms gradient
      ----    -------------------    -----------------------
xmin    10      -15.1400 kcal/mol        1.1512 kcal/(mol*A)
xmin    20      -16.0962 kcal/mol        0.4655 kcal/(mol*A)
xmin    30      -16.7253 kcal/mol        0.5909 kcal/(mol*A)
xmin    40      -17.0266 kcal/mol        0.2408 kcal/(mol*A)
xmin    50      -17.3970 kcal/mol        0.8600 kcal/(mol*A)
xmin    60      -17.5858 kcal/mol        0.3943 kcal/(mol*A)
xmin    70      -17.6516 kcal/mol        0.3445 kcal/(mol*A)
xmin    80      -17.6881 kcal/mol        0.0924 kcal/(mol*A)
xmin    90      -17.6997 kcal/mol        0.0803 kcal/(mol*A)
xmin   100      -17.7146 kcal/mol        0.1010 kcal/(mol*A)
xmin   110      -17.7262 kcal/mol        0.0408 kcal/(mol*A)
xmin   120      -17.7294 kcal/mol        0.0278 kcal/(mol*A)
xmin   130      -17.7302 kcal/mol        0.0056 kcal/(mol*A)
xmin   140      -17.7307 kcal/mol        0.0061 kcal/(mol*A)
xmin   150       70.1213 kcal/mol       50.2224 kcal/(mol*A)
xmin   160      -17.7072 kcal/mol        0.2814 kcal/(mol*A)
xmin   170      -17.7242 kcal/mol        0.0944 kcal/(mol*A)
xmin   180      -17.7279 kcal/mol        0.0168 kcal/(mol*A)
xmin   190      -17.7293 kcal/mol        0.0127 kcal/(mol*A)
xmin   200      -17.7300 kcal/mol        0.0157 kcal/(mol*A)
xmin   210      -17.7303 kcal/mol        0.0096 kcal/(mol*A)
xmin   220      -17.7306 kcal/mol        0.0062 kcal/(mol*A)
xmin   230      -17.7308 kcal/mol        0.0029 kcal/(mol*A)
xmin   240      -17.7308 kcal/mol        0.0127 kcal/(mol*A)
xmin   250      -17.7309 kcal/mol        0.0019 kcal/(mol*A)
xmin   260      -17.7309 kcal/mol        0.0022 kcal/(mol*A)
xmin   270      -17.7309 kcal/mol        0.0013 kcal/(mol*A)
xmin   280      -17.7309 kcal/mol        0.0009 kcal/(mol*A)
  ... geometry converged !
 
 Final MO eigenvalues (eV):
 -41.6659  -40.5887  -39.9545  -39.8295  -38.9853  -38.9619  -38.4978  -37.1625
 -36.4269  -34.4548  -33.2250  -32.2650  -31.1282  -31.0868  -30.7761  -30.3883
 -29.2634  -27.7462  -27.0400  -25.3889  -24.8819  -24.5361  -24.1607  -23.7106
 -22.9636  -22.0477  -20.7546  -20.2262  -19.6589  -18.6313  -18.3837  -18.1562
 -17.9068  -17.5531  -17.3138  -17.1706  -17.0323  -16.8440  -16.5586  -16.3396
 -16.1897  -16.1380  -15.8118  -15.5693  -15.4422  -15.2397  -15.0894  -15.0306
 -14.8116  -14.7402  -14.6217  -14.3504  -13.9959  -13.7521  -13.6597  -13.4959
 -13.3391  -13.1347  -12.9652  -12.9013  -12.7237  -12.5106  -12.4904  -12.3972
 -12.2396  -12.1461  -11.9078  -11.8180  -11.4151  -10.9696  -10.7713  -10.7273
 -10.5282  -10.4365   -9.5946   -9.3918   -9.2437   -8.7011   -0.7579   -0.3130
  -0.2450    0.2263    0.7107    1.1473    1.4208    1.6385    1.7109    1.9019
   1.9097    1.9409    2.8149    2.8327    2.8855    2.9347    3.0391    3.1001
   3.1499    3.2948    3.3618    3.5009    3.6319    3.6642    3.6864    3.7222
   3.7505    3.8073    3.8323    3.8683    3.8979    3.9236    3.9689    4.0371
   4.0561    4.1717    4.1904    4.1947    4.2525    4.2765    4.2969    4.3342
   4.3650    4.4113    4.4410    4.4839    4.5163    4.6848    4.7309    4.9038
   5.0008    5.1822    5.2096    5.3230    5.4313    5.6385    5.7704    5.8289
   5.9572    6.0186    6.0800    6.2613    6.2723    7.0556

 Heat of formation   =        -17.73090866 kcal/mol  (       -0.76886990 eV)

 Total SCF energy    =    -124351.32055939 kcal/mol  (    -5392.27789599 eV)
 Electronic energy   =    -933827.81171993 kcal/mol  (   -40493.81257187 eV)
 Core-core repulsion =     809476.49116054 kcal/mol  (    35101.53467588 eV)
 
    Atomic Charges for Step       1 :
  Atom    Element       Mulliken Charge
     1      C                 -0.073
     2      O                 -0.280
     3      C                 -0.028
     4      C                 -0.032
     5      O                 -0.189
     6      C                  0.106
     7      C                 -0.189
     8      C                  0.054
     9      N                 -0.184
    10      C                  0.002
    11      N                 -0.232
    12      C                  0.163
    13      N                 -0.241
    14      C                  0.046
    15      C                 -0.162
    16      C                 -0.115
    17      C                 -0.118
    18      C                  0.046
    19      C                 -0.096
    20      C                 -0.187
    21      Cl                 0.172
    22      C                 -0.086
    23      C                 -0.149
    24      C                 -0.170
    25      C                  0.063
    26      O                 -0.182
    27      C                 -0.059
    28      C                 -0.060
    29      O                 -0.268
    30      C                 -0.080
    31      H                  0.101
    32      H                  0.059
    33      H                  0.064
    34      H                  0.099
    35      H                  0.077
    36      H                  0.112
    37      H                  0.089
    38      H                  0.165
    39      H                  0.192
    40      H                  0.217
    41      H                  0.131
    42      H                  0.137
    43      H                  0.143
    44      H                  0.161
    45      H                  0.140
    46      H                  0.126
    47      H                  0.085
    48      H                  0.088
    49      H                  0.118
    50      H                  0.047
    51      H                  0.106
    52      H                  0.070
 Total Mulliken Charge =      -0.000
 
                  X        Y        Z     TOTAL  
  QM DIPOLE    -1.282   -1.606    0.830    2.217
 
 Final Structure

  QMMM: QM Region Cartesian Coordinates (*=link atom) 
  QMMM: QM_NO.   MM_NO.  ATOM         X         Y         Z
  QMMM:     1        1      C       -7.5453    2.6041    1.1603
  QMMM:     2        2      O       -6.2158    2.8833    0.7566
  QMMM:     3        3      C       -5.8320    2.1565   -0.4085
  QMMM:     4        4      C       -4.3368    2.3961   -0.5922
  QMMM:     5        5      O       -3.7102    1.1422   -0.2771
  QMMM:     6        6      C       -2.3362    1.1349   -0.3051
  QMMM:     7        7      C       -1.5408    2.2022   -0.6529
  QMMM:     8        8      C       -0.1162    2.0728   -0.6459
  QMMM:     9        9      N        0.6622    3.1533   -1.0185
  QMMM:    10       10      C        1.9808    2.9616   -0.9889
  QMMM:    11       11      N        2.6692    1.8337   -0.6125
  QMMM:    12       12      C        1.9268    0.7661   -0.2435
  QMMM:    13       13      N        2.5401   -0.4450    0.1214
  QMMM:    14       14      C        3.9461   -0.5830    0.2229
  QMMM:    15       15      C        4.5160   -1.1061    1.4050
  QMMM:    16       16      C        5.8862   -1.3340    1.4794
  QMMM:    17       17      C        6.7163   -1.0432    0.4011
  QMMM:    18       18      C        6.1641   -0.5190   -0.7783
  QMMM:    19       19      C        6.9952   -0.2241   -1.8747
  QMMM:    20       20      C        7.7041    0.0279   -2.8072
  QMMM:    21       21      Cl       8.6471    0.3631   -4.0475
  QMMM:    22       22      C        4.7833   -0.2917   -0.8718
  QMMM:    23       23      C        0.4656    0.8273   -0.2580
  QMMM:    24       24      C       -0.3726   -0.2656    0.0709
  QMMM:    25       25      C       -1.7426   -0.1276    0.0565
  QMMM:    26       26      O       -2.6611   -1.1079    0.3664
  QMMM:    27       27      C       -2.1561   -2.3847    0.7525
  QMMM:    28       28      C       -1.7144   -3.1941   -0.4637
  QMMM:    29       29      O       -0.9402   -4.3152   -0.0649
  QMMM:    30       30      C        0.4346   -4.0298    0.1278
  QMMM:    31       31      H       -7.7017    3.2453    2.0634
  QMMM:    32       32      H       -8.2681    2.8796    0.3530
  QMMM:    33       33      H       -7.6596    1.5230    1.4217
  QMMM:    34       34      H       -6.0481    1.0627   -0.2765
  QMMM:    35       35      H       -6.4001    2.5503   -1.2920
  QMMM:    36       36      H       -3.9694    3.1941    0.1053
  QMMM:    37       37      H       -4.1038    2.6659   -1.6545
  QMMM:    38       38      H       -1.9764    3.1711   -0.9421
  QMMM:    39       39      H        2.6241    3.8157   -1.2917
  QMMM:    40       40      H        2.0375   -0.9455    0.8265
  QMMM:    41       41      H        3.8841   -1.3388    2.2757
  QMMM:    42       42      H        6.3177   -1.7437    2.4054
  QMMM:    43       43      H        7.7995   -1.2203    0.4692
  QMMM:    44       44      H        4.3670    0.1193   -1.8049
  QMMM:    45       45      H        0.0645   -1.2461    0.3131
  QMMM:    46       46      H       -3.0482   -2.8632    1.2430
  QMMM:    47       47      H       -1.3326   -2.2883    1.5052
  QMMM:    48       48      H       -1.1563   -2.5457   -1.1890
  QMMM:    49       49      H       -2.6066   -3.6431   -0.9778
  QMMM:    50       50      H        0.5783   -3.3365    0.9937
  QMMM:    51       51      H        0.8956   -5.0254    0.3479
  QMMM:    52       52      H        0.8834   -3.5836   -0.7940

           --------- Calculation Completed ----------

