            --------------------------------------------------------
                             AMBER SQM VERSION 19
 
                                     By
              Ross C. Walker, Michael F. Crowley, Scott Brozell,
                         Tim Giese, Andreas W. Goetz,
                        Tai-Sung Lee and David A. Case
 
            --------------------------------------------------------
 

--------------------------------------------------------------------------------
  QM CALCULATION INFO
--------------------------------------------------------------------------------

| QMMM: Citation for AMBER QMMM Run:
| QMMM: R.C. Walker, M.F. Crowley and D.A. Case, J. COMP. CHEM. 29:1019, 2008

QMMM: SINGLET STATE CALCULATION
QMMM: RHF CALCULATION, NO. OF DOUBLY OCCUPIED LEVELS = 56

| QMMM: *** Selected Hamiltonian *** 
| QMMM: AM1         

| QMMM: *** Parameter sets in use ***
| QMMM: N : M.J.S.DEWAR et al. JACS, 107, 3902, (1985)
| QMMM: C : M.J.S.DEWAR et al. JACS, 107, 3902, (1985)
| QMMM: O : M.J.S.DEWAR et al. JACS, 107, 3902, (1985)
| QMMM: H : M.J.S.DEWAR et al. JACS, 107, 3902, (1985)

| QMMM: *** SCF convergence criteria ***
| QMMM: Energy change                :  0.1D-09 kcal/mol
| QMMM: Error matrix |FP-PF|         :  0.1D+00 au
| QMMM: Density matrix change        :  0.5D-06
| QMMM: Maximum number of SCF cycles :     1000

| QMMM: *** Diagonalization Routine Information ***
| QMMM: Pseudo diagonalizations are allowed.
| QMMM: Auto diagonalization routine selection is in use.
| QMMM:
| QMMM: Timing diagonalization routines:
| QMMM:                              norbs =      105
| QMMM:    diag iterations used for timing =       10
| QMMM:
| QMMM:              Internal diag routine = 0.063257 seconds
| QMMM:                 Dspev diag routine = 0.344723 seconds
| QMMM:                Dspevd diag routine = 2.282618 seconds
| QMMM:                Dspevx diag routine = 0.693960 seconds
| QMMM:                 Dsyev diag routine = 0.075079 seconds
| QMMM:                Dsyevd diag routine = 2.066645 seconds
| QMMM:                Dsyevr diag routine = 0.118944 seconds
| QMMM:
| QMMM:                Pseudo diag routine = 0.013935 seconds
| QMMM:
| QMMM: Using internal diagonalization routine (diag_routine=1).

  QMMM: QM Region Cartesian Coordinates (*=link atom) 
  QMMM: QM_NO.   MM_NO.  ATOM         X         Y         Z
  QMMM:     1        1      N        2.1460    2.7120    0.4110
  QMMM:     2        2      C        0.7580    2.3750    0.4520
  QMMM:     3        3      N       -0.1660    3.3600    0.6510
  QMMM:     4        4      C       -1.5100    3.1070    0.5950
  QMMM:     5        5      N       -1.9650    1.8530    0.3120
  QMMM:     6        6      C       -1.0620    0.8620    0.1150
  QMMM:     7        7      C        0.2870    1.0770    0.2090
  QMMM:     8        8      C        0.8930   -0.1580    0.0090
  QMMM:     9        9      C        2.3070   -0.5380    0.1810
  QMMM:    10       10      C        3.0080   -0.1740    1.3420
  QMMM:    11       11      C        4.3380   -0.5700    1.5160
  QMMM:    12       12      C        4.9740   -1.3470    0.5380
  QMMM:    13       13      O        6.2980   -1.7470    0.6990
  QMMM:    14       14      C        4.2710   -1.7310   -0.6090
  QMMM:    15       15      C        2.9410   -1.3360   -0.7840
  QMMM:    16       16      C       -0.1450   -1.0560   -0.2270
  QMMM:    17       17      N       -1.3420   -0.4280   -0.1630
  QMMM:    18       18      C       -2.6570   -1.0720   -0.3030
  QMMM:    19       19      C       -3.4520   -1.0220    0.9930
  QMMM:    20       20      C       -4.8510   -0.6250    0.5630
  QMMM:    21       21      N       -4.7360    0.1230   -0.6860
  QMMM:    22       22      C       -3.5330   -0.3790   -1.3520
  QMMM:    23       23      H        2.4550    3.6680    0.6940
  QMMM:    24       24      H        2.8460    2.0890   -0.0440
  QMMM:    25       25      H       -2.2150    3.9100    0.7580
  QMMM:    26       26      H        2.5240    0.4120    2.1140
  QMMM:    27       27      H        4.8700   -0.2760    2.4110
  QMMM:    28       28      H        6.8340   -1.4860    1.5190
  QMMM:    29       29      H        4.7550   -2.3370   -1.3630
  QMMM:    30       30      H        2.4090   -1.6440   -1.6760
  QMMM:    31       31      H       -0.0280   -2.1210   -0.3850
  QMMM:    32       32      H       -2.5210   -2.1380   -0.6010
  QMMM:    33       33      H       -3.0500   -0.2580    1.6920
  QMMM:    34       34      H       -3.4560   -2.0090    1.5050
  QMMM:    35       35      H       -5.3520   -0.0160    1.3480
  QMMM:    36       36      H       -5.4620   -1.5370    0.3810
  QMMM:    37       37      H       -4.5740    1.1290   -0.4410
  QMMM:    38       38      H       -2.9980    0.4460   -1.8720
  QMMM:    39       39      H       -3.8390   -1.1140   -2.1280

--------------------------------------------------------------------------------
  RESULTS
--------------------------------------------------------------------------------

      iter         sqm energy              rms gradient
      ----    -------------------    -----------------------
xmin    10       63.8788 kcal/mol        1.7215 kcal/(mol*A)
xmin    20       63.3015 kcal/mol        0.4181 kcal/(mol*A)
xmin    30       63.6137 kcal/mol        0.9623 kcal/(mol*A)
xmin    40       63.1571 kcal/mol        0.0538 kcal/(mol*A)
xmin    50       63.1503 kcal/mol        0.0143 kcal/(mol*A)
xmin    60       63.1500 kcal/mol        0.0105 kcal/(mol*A)
xmin    70       63.1498 kcal/mol        0.0076 kcal/(mol*A)
xmin    80       63.1496 kcal/mol        0.0033 kcal/(mol*A)
xmin    90       63.1496 kcal/mol        0.0051 kcal/(mol*A)
xmin   100       63.1496 kcal/mol        0.0022 kcal/(mol*A)
  ... geometry converged !
 
 Final MO eigenvalues (eV):
 -41.8862  -40.4231  -39.4653  -38.3371  -37.6606  -36.0438  -33.6280  -32.3358
 -31.8427  -31.1182  -30.2433  -29.0716  -27.9125  -24.4466  -24.2750  -24.0422
 -23.5099  -22.3021  -21.4654  -20.7164  -19.2430  -19.0525  -18.4470  -17.6625
 -17.2206  -17.0999  -16.7892  -16.5180  -15.9391  -15.7458  -15.2957  -15.1802
 -15.0444  -14.8520  -14.6297  -14.5357  -14.4655  -14.2292  -13.9703  -13.5780
 -13.1366  -12.9468  -12.7007  -12.5057  -12.3713  -12.2284  -12.1030  -11.8600
 -11.7877  -10.4074  -10.2820  -10.0924   -9.8651   -9.4705   -9.2207   -8.3342
  -0.1501    0.1431    0.1933    0.4721    1.3529    1.4853    2.3979    2.5537
   2.8132    2.8506    3.0427    3.3148    3.3776    3.4387    3.4946    3.6216
   3.6293    3.6418    3.7507    3.9087    3.9678    4.0466    4.0728    4.1443
   4.1962    4.2187    4.3637    4.5265    4.5642    4.6261    4.7047    4.7734
   4.8326    4.8645    4.9273    5.0038    5.0512    5.2512    5.4255    5.5684
   5.6144    5.7547    5.9420    6.0121    6.1048    6.1137    6.3894    6.4793
   7.2679

 Heat of formation   =         63.14959452 kcal/mol  (        2.73837191 eV)

 Total SCF energy    =     -83855.52870156 kcal/mol  (    -3636.24858859 eV)
 Electronic energy   =    -590406.39507455 kcal/mol  (   -25601.94246019 eV)
 Core-core repulsion =     506550.86637299 kcal/mol  (    21965.69387160 eV)
 
    Atomic Charges for Step       1 :
  Atom    Element       Mulliken Charge
     1      N                 -0.346
     2      C                  0.207
     3      N                 -0.266
     4      C                  0.017
     5      N                 -0.224
     6      C                  0.080
     7      C                 -0.221
     8      C                 -0.076
     9      C                 -0.055
    10      C                 -0.087
    11      C                 -0.217
    12      C                  0.080
    13      O                 -0.250
    14      C                 -0.159
    15      C                 -0.089
    16      C                 -0.080
    17      N                 -0.143
    18      C                  0.010
    19      C                 -0.197
    20      C                 -0.086
    21      N                 -0.270
    22      C                 -0.091
    23      H                  0.225
    24      H                  0.228
    25      H                  0.185
    26      H                  0.149
    27      H                  0.137
    28      H                  0.219
    29      H                  0.153
    30      H                  0.140
    31      H                  0.174
    32      H                  0.107
    33      H                  0.107
    34      H                  0.092
    35      H                  0.089
    36      H                  0.090
    37      H                  0.165
    38      H                  0.105
    39      H                  0.096
 Total Mulliken Charge =      -0.000
 
                  X        Y        Z     TOTAL  
  QM DIPOLE     2.351   -1.790    0.895    3.087
 
 Final Structure

  QMMM: QM Region Cartesian Coordinates (*=link atom) 
  QMMM: QM_NO.   MM_NO.  ATOM         X         Y         Z
  QMMM:     1        1      N        2.0936    2.6651    0.7223
  QMMM:     2        2      C        0.7527    2.4081    0.5052
  QMMM:     3        3      N       -0.1609    3.4322    0.5470
  QMMM:     4        4      C       -1.4726    3.1015    0.3931
  QMMM:     5        5      N       -2.0415    1.8966    0.1797
  QMMM:     6        6      C       -1.1289    0.8732    0.1234
  QMMM:     7        7      C        0.3033    1.0667    0.2902
  QMMM:     8        8      C        0.9167   -0.2320    0.1590
  QMMM:     9        9      C        2.3196   -0.5684    0.2562
  QMMM:    10       10      C        3.0475   -0.2740    1.4178
  QMMM:    11       11      C        4.3925   -0.6182    1.5181
  QMMM:    12       12      C        5.0178   -1.2691    0.4455
  QMMM:    13       13      O        6.3426   -1.6385    0.4695
  QMMM:    14       14      C        4.3026   -1.5755   -0.7245
  QMMM:    15       15      C        2.9608   -1.2249   -0.8073
  QMMM:    16       16      C       -0.1146   -1.1445   -0.0822
  QMMM:    17       17      N       -1.3541   -0.4900   -0.1143
  QMMM:    18       18      C       -2.6315   -1.1368   -0.2673
  QMMM:    19       19      C       -3.5185   -1.1126    1.0021
  QMMM:    20       20      C       -4.8146   -0.3924    0.5948
  QMMM:    21       21      N       -4.6703    0.1620   -0.7479
  QMMM:    22       22      C       -3.5356   -0.4953   -1.3754
  QMMM:    23       23      H        2.4070    3.6062    0.6888
  QMMM:    24       24      H        2.7305    1.9608    0.4305
  QMMM:    25       25      H       -2.1753    3.9612    0.4451
  QMMM:    26       26      H        2.5476    0.2276    2.2616
  QMMM:    27       27      H        4.9568   -0.3879    2.4327
  QMMM:    28       28      H        6.7064   -1.3900    1.3318
  QMMM:    29       29      H        4.8116   -2.0870   -1.5534
  QMMM:    30       30      H        2.3911   -1.4617   -1.7192
  QMMM:    31       31      H       -0.0540   -2.2240   -0.2345
  QMMM:    32       32      H       -2.4137   -2.2063   -0.5527
  QMMM:    33       33      H       -3.0263   -0.5797    1.8516
  QMMM:    34       34      H       -3.7339   -2.1580    1.3290
  QMMM:    35       35      H       -5.0735    0.4072    1.3383
  QMMM:    36       36      H       -5.6657   -1.1273    0.5666
  QMMM:    37       37      H       -4.5151    1.1532   -0.6990
  QMMM:    38       38      H       -2.9663    0.2090   -2.0360
  QMMM:    39       39      H       -3.9341   -1.3324   -2.0125

           --------- Calculation Completed ----------

