            --------------------------------------------------------
                             AMBER SQM VERSION 19
 
                                     By
              Ross C. Walker, Michael F. Crowley, Scott Brozell,
                         Tim Giese, Andreas W. Goetz,
                        Tai-Sung Lee and David A. Case
 
            --------------------------------------------------------
 

--------------------------------------------------------------------------------
  QM CALCULATION INFO
--------------------------------------------------------------------------------

| QMMM: Citation for AMBER QMMM Run:
| QMMM: R.C. Walker, M.F. Crowley and D.A. Case, J. COMP. CHEM. 29:1019, 2008

QMMM: SINGLET STATE CALCULATION
QMMM: RHF CALCULATION, NO. OF DOUBLY OCCUPIED LEVELS = 78

| QMMM: *** Selected Hamiltonian *** 
| QMMM: AM1         

| QMMM: *** Parameter sets in use ***
| QMMM: C : M.J.S.DEWAR et al. JACS, 107, 3902, (1985)
| QMMM: N : M.J.S.DEWAR et al. JACS, 107, 3902, (1985)
| QMMM: O : M.J.S.DEWAR et al. JACS, 107, 3902, (1985)
| QMMM: H : M.J.S.DEWAR et al. JACS, 107, 3902, (1985)

| QMMM: *** SCF convergence criteria ***
| QMMM: Energy change                :  0.1D-09 kcal/mol
| QMMM: Error matrix |FP-PF|         :  0.1D+00 au
| QMMM: Density matrix change        :  0.5D-06
| QMMM: Maximum number of SCF cycles :     1000

| QMMM: *** Diagonalization Routine Information ***
| QMMM: Pseudo diagonalizations are allowed.
| QMMM: Auto diagonalization routine selection is in use.
| QMMM:
| QMMM: Timing diagonalization routines:
| QMMM:                              norbs =      145
| QMMM:    diag iterations used for timing =       10
| QMMM:
| QMMM:              Internal diag routine = 0.050435 seconds
| QMMM:                 Dspev diag routine = 0.064693 seconds
| QMMM:                Dspevd diag routine = 0.323735 seconds
| QMMM:                Dspevx diag routine = 0.156896 seconds
| QMMM:                 Dsyev diag routine = 0.067594 seconds
| QMMM:                Dsyevd diag routine = 0.030041 seconds
| QMMM:                Dsyevr diag routine = 0.026352 seconds
| QMMM:
| QMMM:                Pseudo diag routine = 0.026075 seconds
| QMMM:
| QMMM: Using dsyevr routine (diag_routine=7).

  QMMM: QM Region Cartesian Coordinates (*=link atom) 
  QMMM: QM_NO.   MM_NO.  ATOM         X         Y         Z
  QMMM:     1        1      C        6.5590   -0.4270   -3.2340
  QMMM:     2        2      C        6.1550   -0.5550   -2.1050
  QMMM:     3        3      C        5.6710   -0.7080   -0.7540
  QMMM:     4        4      C        4.3830   -0.2510   -0.4420
  QMMM:     5        5      C        3.8750   -0.3780    0.8630
  QMMM:     6        6      N        2.5480    0.0680    1.1960
  QMMM:     7        7      C        1.8900    1.1570    0.5260
  QMMM:     8        8      N        2.6320    2.2070    0.0780
  QMMM:     9        9      C        2.0590    3.2830   -0.5160
  QMMM:    10       10      N        0.7130    3.3400   -0.6670
  QMMM:    11       11      C       -0.0840    2.3270   -0.2400
  QMMM:    12       12      C       -1.4660    2.4130   -0.4150
  QMMM:    13       13      C       -2.3050    1.3630    0.0020
  QMMM:    14       14      O       -3.6990    1.4150   -0.1580
  QMMM:    15       15      C       -4.4070    2.5050   -0.7440
  QMMM:    16       16      C       -5.8980    2.1990   -0.7450
  QMMM:    17       17      O       -6.5920    3.2820   -1.3270
  QMMM:    18       18      C       -7.9730    3.0020   -1.3310
  QMMM:    19       19      C       -1.7480    0.2180    0.5910
  QMMM:    20       20      O       -2.6220   -0.8110    0.9830
  QMMM:    21       21      C       -2.2380   -2.1030    1.4550
  QMMM:    22       22      C       -1.7360   -2.9820    0.3060
  QMMM:    23       23      O       -2.6930   -3.0300   -0.7360
  QMMM:    24       24      C       -3.4920   -4.1860   -0.6190
  QMMM:    25       25      C       -0.3530    0.1360    0.7750
  QMMM:    26       26      C        0.4860    1.1910    0.3720
  QMMM:    27       27      C        4.6590   -1.0000    1.8430
  QMMM:    28       28      C        5.9430   -1.4580    1.5400
  QMMM:    29       29      C        6.4650   -1.3130    0.2450
  QMMM:    30       30      C        7.8510   -1.8170   -0.0620
  QMMM:    31       31      H        6.9140   -0.3150   -4.2240
  QMMM:    32       32      H        3.7710    0.1860   -1.2220
  QMMM:    33       33      H        2.0980   -0.3340    2.0480
  QMMM:    34       34      H        2.6770    4.1000   -0.8640
  QMMM:    35       35      H       -1.8790    3.2980   -0.8810
  QMMM:    36       36      H       -4.0630    2.6550   -1.7910
  QMMM:    37       37      H       -4.2230    3.4310   -0.1560
  QMMM:    38       38      H       -6.0630    1.2650   -1.3290
  QMMM:    39       39      H       -6.2240    2.0420    0.3090
  QMMM:    40       40      H       -8.2010    2.1000   -1.9410
  QMMM:    41       41      H       -8.3630    2.8800   -0.2950
  QMMM:    42       42      H       -8.5060    3.8600   -1.7900
  QMMM:    43       43      H       -3.1280   -2.5840    1.9110
  QMMM:    44       44      H       -1.4740   -2.0210    2.2560
  QMMM:    45       45      H       -0.8060   -2.5410   -0.1080
  QMMM:    46       46      H       -1.4490   -3.9860    0.6990
  QMMM:    47       47      H       -3.9950   -4.2380    0.3720
  QMMM:    48       48      H       -4.2830   -4.1500   -1.3950
  QMMM:    49       49      H       -2.8880   -5.1030   -0.7950
  QMMM:    50       50      H        0.0740   -0.7490    1.2190
  QMMM:    51       51      H        4.2770   -1.1230    2.8490
  QMMM:    52       52      H        6.5290   -1.9280    2.3200
  QMMM:    53       53      H        7.7950   -2.6200   -0.8270
  QMMM:    54       54      H        8.3470   -2.2290    0.8420
  QMMM:    55       55      H        8.4750   -0.9850   -0.4510

--------------------------------------------------------------------------------
  RESULTS
--------------------------------------------------------------------------------

      iter         sqm energy              rms gradient
      ----    -------------------    -----------------------
xmin    10      -14.9100 kcal/mol        0.5850 kcal/(mol*A)
xmin    20      -15.4708 kcal/mol        0.3658 kcal/(mol*A)
xmin    30      -15.7516 kcal/mol        0.2148 kcal/(mol*A)
xmin    40      -15.9475 kcal/mol        0.2579 kcal/(mol*A)
xmin    50      -16.0289 kcal/mol        0.1576 kcal/(mol*A)
xmin    60      -16.1015 kcal/mol        0.2494 kcal/(mol*A)
xmin    70      -16.1907 kcal/mol        0.4330 kcal/(mol*A)
xmin    80      -16.2628 kcal/mol        0.2842 kcal/(mol*A)
xmin    90      -16.3101 kcal/mol        0.1653 kcal/(mol*A)
xmin   100      -16.3618 kcal/mol        0.3954 kcal/(mol*A)
xmin   110      -16.4347 kcal/mol        0.2719 kcal/(mol*A)
xmin   120      -16.5110 kcal/mol        0.2381 kcal/(mol*A)
xmin   130      -16.6451 kcal/mol        0.1328 kcal/(mol*A)
xmin   140      -16.7108 kcal/mol        0.1150 kcal/(mol*A)
xmin   150      -16.8253 kcal/mol        0.2333 kcal/(mol*A)
xmin   160      -17.0036 kcal/mol        0.5668 kcal/(mol*A)
xmin   170      -17.1312 kcal/mol        0.2856 kcal/(mol*A)
xmin   180      -17.1518 kcal/mol        0.1037 kcal/(mol*A)
xmin   190      -17.1737 kcal/mol        0.1483 kcal/(mol*A)
xmin   200      -17.1926 kcal/mol        0.1103 kcal/(mol*A)
xmin   210      -17.2341 kcal/mol        0.2153 kcal/(mol*A)
xmin   220      -17.2644 kcal/mol        0.1187 kcal/(mol*A)
xmin   230      -17.2953 kcal/mol        0.0530 kcal/(mol*A)
xmin   240      -17.3147 kcal/mol        0.0614 kcal/(mol*A)
xmin   250      -17.3253 kcal/mol        0.1860 kcal/(mol*A)
xmin   260      -17.3548 kcal/mol        0.0473 kcal/(mol*A)
xmin   270      -17.3570 kcal/mol        0.1384 kcal/(mol*A)
xmin   280      -17.3608 kcal/mol        0.0273 kcal/(mol*A)
xmin   290      -17.3625 kcal/mol        0.0462 kcal/(mol*A)
xmin   300      -17.3701 kcal/mol        0.0609 kcal/(mol*A)
xmin   310      -17.3913 kcal/mol        0.0542 kcal/(mol*A)
xmin   320      -17.3885 kcal/mol        0.0916 kcal/(mol*A)
xmin   330      -17.4121 kcal/mol        0.0483 kcal/(mol*A)
xmin   340      -17.4160 kcal/mol        0.0163 kcal/(mol*A)
xmin   350      -17.4189 kcal/mol        0.0137 kcal/(mol*A)
xmin   360      -17.4196 kcal/mol        0.0155 kcal/(mol*A)
xmin   370      -17.4211 kcal/mol        0.0179 kcal/(mol*A)
xmin   380      -17.4213 kcal/mol        0.0064 kcal/(mol*A)
xmin   390      -17.4214 kcal/mol        0.0045 kcal/(mol*A)
xmin   400      -17.4215 kcal/mol        0.0064 kcal/(mol*A)
xmin   410      -17.4216 kcal/mol        0.0141 kcal/(mol*A)
xmin   420      -17.4217 kcal/mol        0.0029 kcal/(mol*A)
xmin   430      -17.4217 kcal/mol        0.0032 kcal/(mol*A)
xmin   440      -17.4218 kcal/mol        0.0033 kcal/(mol*A)
xmin   450      -17.4218 kcal/mol        0.0062 kcal/(mol*A)
xmin   460      -17.4218 kcal/mol        0.0032 kcal/(mol*A)
xmin   470      -17.4219 kcal/mol        0.0052 kcal/(mol*A)
xmin   480      -17.4220 kcal/mol        0.0032 kcal/(mol*A)
xmin   490      -17.4220 kcal/mol        0.0029 kcal/(mol*A)
xmin   500      -17.4220 kcal/mol        0.0011 kcal/(mol*A)
xmin   510      -17.4220 kcal/mol        0.0010 kcal/(mol*A)
xmin   520      -17.4220 kcal/mol        0.0022 kcal/(mol*A)
xmin   530      -17.4220 kcal/mol        0.0013 kcal/(mol*A)
  ... geometry converged !
 
 Final MO eigenvalues (eV):
 -41.6608  -40.6038  -39.9888  -39.8819  -39.0025  -38.5594  -37.3582  -36.4384
 -34.4767  -33.5654  -32.4217  -31.7504  -31.1137  -30.9132  -30.7405  -29.7332
 -27.7613  -27.2303  -26.9635  -25.3267  -24.6016  -24.4533  -23.8033  -23.6386
 -22.5773  -21.9142  -20.3601  -20.1408  -19.3640  -18.5841  -18.1732  -17.9939
 -17.6519  -17.4564  -17.3512  -17.0189  -16.8206  -16.6758  -16.4322  -16.3437
 -16.2104  -16.1094  -15.8529  -15.5049  -15.3351  -15.2292  -15.0452  -14.9414
 -14.8341  -14.7323  -14.4734  -13.9450  -13.7836  -13.5836  -13.5092  -13.3261
 -13.1295  -13.0145  -12.8725  -12.7620  -12.7196  -12.4876  -12.3953  -12.3127
 -12.1535  -12.1282  -11.9224  -11.8184  -11.7874  -11.1685  -10.9538  -10.7828
 -10.6428  -10.4348   -9.5526   -9.4303   -9.1834   -8.6229   -0.7427   -0.3073
  -0.1299    0.2754    0.7233    1.6088    1.7358    1.7569    1.8485    1.9322
   2.0681    2.8249    2.8642    3.0011    3.0412    3.0816    3.1081    3.2417
   3.2846    3.3256    3.4301    3.5240    3.6100    3.6788    3.6877    3.7487
   3.7873    3.8184    3.8450    3.9298    3.9424    3.9801    3.9855    4.0270
   4.1326    4.1377    4.2016    4.2158    4.2748    4.3263    4.3473    4.3603
   4.3930    4.4540    4.4796    4.4958    4.4965    4.5482    4.6507    4.7147
   4.8401    4.9359    5.0388    5.0711    5.2333    5.2511    5.4885    5.5486
   5.7065    5.7687    5.8905    5.9558    5.9673    6.1279    6.2632    6.6826
   7.0782

 Heat of formation   =        -17.42203436 kcal/mol  (       -0.75547610 eV)

 Total SCF energy    =    -119640.52170237 kcal/mol  (    -5188.00232871 eV)
 Electronic energy   =    -935470.35378431 kcal/mol  (   -40565.03854058 eV)
 Core-core repulsion =     815829.83208194 kcal/mol  (    35377.03621187 eV)
 
    Atomic Charges for Step       1 :
  Atom    Element       Mulliken Charge
     1      C                 -0.194
     2      C                 -0.126
     3      C                  0.037
     4      C                 -0.083
     5      C                  0.037
     6      N                 -0.239
     7      C                  0.164
     8      N                 -0.232
     9      C                  0.002
    10      N                 -0.184
    11      C                  0.053
    12      C                 -0.187
    13      C                  0.104
    14      O                 -0.190
    15      C                 -0.030
    16      C                 -0.026
    17      O                 -0.280
    18      C                 -0.071
    19      C                  0.061
    20      O                 -0.182
    21      C                 -0.059
    22      C                 -0.060
    23      O                 -0.268
    24      C                 -0.080
    25      C                 -0.169
    26      C                 -0.150
    27      C                 -0.157
    28      C                 -0.119
    29      C                 -0.053
    30      C                 -0.180
    31      H                  0.225
    32      H                  0.159
    33      H                  0.217
    34      H                  0.192
    35      H                  0.168
    36      H                  0.097
    37      H                  0.097
    38      H                  0.084
    39      H                  0.084
    40      H                  0.062
    41      H                  0.062
    42      H                  0.102
    43      H                  0.126
    44      H                  0.085
    45      H                  0.119
    46      H                  0.088
    47      H                  0.047
    48      H                  0.106
    49      H                  0.071
    50      H                  0.140
    51      H                  0.130
    52      H                  0.136
    53      H                  0.090
    54      H                  0.081
    55      H                  0.094
 Total Mulliken Charge =      -0.000
 
                  X        Y        Z     TOTAL  
  QM DIPOLE    -0.607   -1.833    1.439    2.408
 
 Final Structure

  QMMM: QM Region Cartesian Coordinates (*=link atom) 
  QMMM: QM_NO.   MM_NO.  ATOM         X         Y         Z
  QMMM:     1        1      C        7.2348   -0.5960   -2.6321
  QMMM:     2        2      C        6.5213   -0.7869   -1.6894
  QMMM:     3        3      C        5.6703   -1.0049   -0.5860
  QMMM:     4        4      C        4.3155   -0.6599   -0.6955
  QMMM:     5        5      C        3.4408   -0.8614    0.3882
  QMMM:     6        6      N        2.0534   -0.6014    0.2663
  QMMM:     7        7      C        1.5539    0.6562   -0.1116
  QMMM:     8        8      N        2.3914    1.6498   -0.4849
  QMMM:     9        9      C        1.8094    2.8308   -0.8772
  QMMM:    10       10      N        0.5135    3.1394   -0.9200
  QMMM:    11       11      C       -0.3612    2.1365   -0.5442
  QMMM:    12       12      C       -1.7686    2.3926   -0.5662
  QMMM:    13       13      C       -2.6582    1.4040   -0.2151
  QMMM:    14       14      O       -4.0274    1.5336   -0.1950
  QMMM:    15       15      C       -4.5342    2.8216   -0.5745
  QMMM:    16       16      C       -6.0512    2.6912   -0.4620
  QMMM:    17       17      O       -6.5708    3.9684   -0.8243
  QMMM:    18       18      C       -7.9872    4.0085   -0.7696
  QMMM:    19       19      C       -2.1834    0.0987    0.1683
  QMMM:    20       20      O       -3.1882   -0.7891    0.4897
  QMMM:    21       21      C       -2.8051   -2.1145    0.8510
  QMMM:    22       22      C       -2.4391   -2.9401   -0.3792
  QMMM:    23       23      O       -1.7797   -4.1384    0.0009
  QMMM:    24       24      C       -0.3837   -3.9926    0.1983
  QMMM:    25       25      C       -0.8313   -0.1608    0.1965
  QMMM:    26       26      C        0.1038    0.8485   -0.1382
  QMMM:    27       27      C        3.9502   -1.4162    1.5830
  QMMM:    28       28      C        5.2921   -1.7617    1.6771
  QMMM:    29       29      C        6.1697   -1.5629    0.6072
  QMMM:    30       30      C        7.5947   -1.9443    0.7320
  QMMM:    31       31      H        7.8663   -0.4263   -3.4664
  QMMM:    32       32      H        3.9491   -0.2251   -1.6390
  QMMM:    33       33      H        1.5004   -1.0524    0.9670
  QMMM:    34       34      H        2.5286    3.6210   -1.1824
  QMMM:    35       35      H       -2.1137    3.3928   -0.8717
  QMMM:    36       36      H       -4.2303    3.0589   -1.6264
  QMMM:    37       37      H       -4.1478    3.6075    0.1241
  QMMM:    38       38      H       -6.4355    1.9042   -1.1620
  QMMM:    39       39      H       -6.3513    2.4346    0.5874
  QMMM:    40       40      H       -8.4301    3.2698   -1.4825
  QMMM:    41       41      H       -8.3474    3.8002    0.2682
  QMMM:    42       42      H       -8.2458    5.0534   -1.0739
  QMMM:    43       43      H       -3.7387   -2.5160    1.3333
  QMMM:    44       44      H       -1.9772   -2.1089    1.6051
  QMMM:    45       45      H       -3.3685   -3.2901   -0.9043
  QMMM:    46       46      H       -1.8169   -2.3357   -1.0903
  QMMM:    47       47      H       -0.1739   -3.3265    1.0720
  QMMM:    48       48      H       -0.0239   -5.0312    0.4074
  QMMM:    49       49      H        0.1087   -3.5827   -0.7180
  QMMM:    50       50      H       -0.4858   -1.1734    0.4538
  QMMM:    51       51      H        3.2913   -1.5815    2.4492
  QMMM:    52       52      H        5.6730   -2.1945    2.6153
  QMMM:    53       53      H        7.7737   -2.9242    0.2208
  QMMM:    54       54      H        7.8930   -2.0472    1.8041
  QMMM:    55       55      H        8.2522   -1.1771    0.2516

           --------- Calculation Completed ----------

